2025-10-03 23:48:10 [debug] : Notification event posted from server - ON_DID_UPDATE_WORKSPACE. 
2025-10-03 23:48:10 [debug] : --------------------------------------------------------------------------------- 
2025-10-03 23:48:10 [debug] : Y:\ 
2025-10-03 23:48:10 [debug] : --------------------------------------------------------------------------------- 
2025-10-03 23:48:10 [debug] : [Logger] Previous user logs are stored in the file - Y:\apps\logs\ide.log 
2025-10-03 23:48:10 [debug] : [Logger] Previous debug logs are stored in the file - Y:\apps\logs\ide_verbose.log 
2025-10-03 23:48:10 [debug] : [Logger] All the internal problems will be logged at debug level. 
2025-10-03 23:48:10 [debug] : Received event from notification service: ON_START_ANALYSIS_PROGRESS. 
2025-10-03 23:48:10 [debug] : Event posted using notification server in backend. {"0":{"wrappers_":{},"arrayIndexOffset_":-1,"array":["b860602f-2d56-4873-8b44-1b6b8004644e",null,54,null,null,null,null,"list-reports"],"pivot_":1.7976931348623157e+308,"convertedPrimitiveFields_":{}}}
2025-10-03 23:48:10 [debug] : Notification event posted from server - ON_STOP_ANALYSIS_PROGRESS. 
2025-10-03 23:48:10 [debug] : [Application Examples Provider]  updating the embedded templates on workspace event. 
2025-10-03 23:48:10 [debug] : [Application Examples Provider] refresh requested. 
2025-10-03 23:48:10 [debug] : Received event from notification service: ON_DID_UPDATE_WORKSPACE. 
2025-10-03 23:48:10 [debug] : [Logger Client] log levelchanged to  {"0":"Info"}
2025-10-03 23:48:10 [debug] : [Logger UI]  Update Log Level  called 
2025-10-03 23:48:10 [debug] : [Repository Server] Executing method:getEmbeddedExampleTemplateTree with connection:(object). {"0":"request:","1":{"wrappers_":null,"arrayIndexOffset_":-1,"array":[],"pivot_":1.7976931348623157e+308,"convertedPrimitiveFields_":{}}}
2025-10-03 23:48:10 [debug] : [Application Examples Provider] common calling method requested. 
2025-10-03 23:48:10 [debug] : [Application Examples Provider] Repositories model update requested. 
2025-10-03 23:48:10 [debug] : [Application Examples Provider] Repositories model update completed. 
2025-10-03 23:48:10 [debug] : [Application Examples Provider] Templates model update requested. 
2025-10-03 23:48:10 [debug] : [Repository Service] Executing method:getEmbeddedExampleTemplateTree from frontend. {"0":"request:"}
2025-10-03 23:48:10 [debug] : Received event from notification service: ON_STOP_ANALYSIS_PROGRESS. 
2025-10-03 23:48:10 [debug] : MonacoEditorModel.cancelSync {"0":"file:///y:/logs/vitis.log"}
2025-10-03 23:48:10 [debug] : MonacoEditorModel.doSync - enter {"0":"file:///y:/logs/vitis.log"}
2025-10-03 23:48:10 [debug] : [Logger UI]  Update Log Level success {"0":{"success":true,"error":""}}
2025-10-03 23:48:10 [debug] : MonacoEditorModel.fireDidChangeContent - enter - {
  "changes": [
    {
      "range": {
        "startLineNumber": 2,
        "startColumn": 47,
        "endLineNumber": 2,
        "endColumn": 52
      },
      "rangeLength": 5,
      "text": "false",
      "rangeOffset": 49,
      "forceMoveMarkers": false
    }
  ],
  "eol": "\r\n",
  "versionId": 2,
  "isUndoing": false,
  "isRedoing": false,
  "isFlush": false
} {"0":"user-storage:/user/settings.json"}
2025-10-03 23:48:10 [debug] : MonacoEditorModel.markAsDirty - enter {"0":"user-storage:/user/settings.json"}
2025-10-03 23:48:10 [debug] : MonacoEditorModel.cancelSync {"0":"user-storage:/user/settings.json"}
2025-10-03 23:48:10 [debug] : MonacoEditorModel.cancelSave {"0":"user-storage:/user/settings.json"}
2025-10-03 23:48:10 [debug] : MonacoEditorModel.markAsDirty - exit {"0":"user-storage:/user/settings.json"}
2025-10-03 23:48:10 [debug] : MonacoEditorModel.fireDidChangeContent - exit {"0":"user-storage:/user/settings.json"}
2025-10-03 23:48:10 [debug] : MonacoEditorModel.cancelSave {"0":"user-storage:/user/settings.json"}
2025-10-03 23:48:10 [debug] : MonacoEditorModel.cancelSave {"0":"user-storage:/user/settings.json"}
2025-10-03 23:48:10 [debug] : MonacoEditorModel.doSync - exit - resource not found {"0":"file:///y:/logs/vitis.log"}
2025-10-03 23:48:10 [debug] : MonacoEditorModel.cancelSync {"0":"file:///y:/logs/vitis.log"}
2025-10-03 23:48:10 [debug] : MonacoEditorModel.cancelSave {"0":"file:///y:/logs/vitis.log"}
2025-10-03 23:48:10 [debug] : RIGEL SERVER 23:48:10 INFO  : updated workspace path: Y:\ 
2025-10-03 23:48:10 [debug] : Notification event posted from server - ON_DID_REFRESH_WORKSPACE_SUMMARIES. 
2025-10-03 23:48:10 [debug] : RIGEL SERVER 23:48:10 INFO  : Embedded Template List generated successfully 
2025-10-03 23:48:10 [debug] : RIGEL SERVER 23:48:10 INFO  : cmd.exe, /C, C:\Xilinx\Vitis\2024.1\tps\win64\lopper-1.1.0\env\Scripts\activate.bat && python C:\Xilinx\Vitis\2024.1\data\embeddedsw\scripts\pyesw\\repo.py -st   C:\Xilinx\Vitis\2024.1\data\embeddedsw && C:\Xilinx\Vitis\2024.1\tps\win64\lopper-1.1.0\env\Scripts\deactivate.bat 
2025-10-03 23:48:11 [debug] : Opening channel for service path '/services/project-utils'. 
2025-10-03 23:48:11 [debug] : Opening channel for service path '/services/bootgen'. 
2025-10-03 23:48:11 [debug] : Opening channel for service path '/services/hls/report'. 
2025-10-03 23:48:11 [debug] : Opening channel for service path '/services/hls/wave/open'. 
2025-10-03 23:48:11 [debug] : Could not configure contribution {"0":"Error: 'file:///y%3A/logs/vitis.log' is invalid\n    at n.getModel (file:///C:/Xilinx/Vitis/2024.1/ide/electron-app/win64/resources/app/lib/bundle.js:2:6981257)\n    at async n.createMonacoEditor (file:///C:/Xilinx/Vitis/2024.1/ide/electron-app/win64/resources/app/lib/bundle.js:2:6983356)\n    at async n.doCreateEditor (file:///C:/Xilinx/Vitis/2024.1/ide/electron-app/win64/resources/app/lib/bundle.js:2:6982029)\n    at async m.updateVitisServerChannel (file:///C:/Xilinx/Vitis/2024.1/ide/electron-app/win64/resources/app/lib/bundle.js:2:19566180)\n    at async m.createVitisServerChannel (file:///C:/Xilinx/Vitis/2024.1/ide/electron-app/win64/resources/app/lib/bundle.js:2:19565290)\n    at async m.configure (file:///C:/Xilinx/Vitis/2024.1/ide/electron-app/win64/resources/app/lib/bundle.js:2:19565213)\n    at async a.startAsync (file:///C:/Xilinx/Vitis/2024.1/ide/electron-app/win64/resources/app/lib/bundle.js:2:2622580)\n    at async v.startContributions (file:///C:/Xilinx/Vitis/2024.1/ide/electron-app/win64/resources/app/lib/bundle.js:2:2111024)\n    at async a.startAsync (file:///C:/Xilinx/Vitis/2024.1/ide/electron-app/win64/resources/app/lib/bundle.js:2:2622580)\n    at async v.start (file:///C:/Xilinx/Vitis/2024.1/ide/electron-app/win64/resources/app/lib/bundle.js:2:2107618)"}
2025-10-03 23:48:11 [debug] : Application UI init preferences 
2025-10-03 23:48:11 [debug] : [Bootgen Output] Adding listeners to bootgen service. 
2025-10-03 23:48:11 [debug] : Linked preference "workbench.colorCustomizations" not found. Source: "editor.bracketPairColorization.enabled" 
2025-10-03 23:48:11 [debug] : A command file.openWith.config-editor-widget is already registered. 
2025-10-03 23:48:11 [debug] : Frontend commands.onStart took longer than the expected maximum 100 milliseconds: 785.9 ms [Finished 4.058 s after frontend start] 
2025-10-03 23:48:11 [debug] : Received event from notification service: ON_DID_REFRESH_WORKSPACE_SUMMARIES. 
2025-10-03 23:48:11 [debug] : [ProjectCache] fetching projects for project-cache 
2025-10-03 23:48:11 [debug] : [Application Examples Provider] Templates model update completed. 
2025-10-03 23:48:11 [debug] : [Application Examples Provider] common calling method completed. 
2025-10-03 23:48:11 [debug] : [Application Examples Provider] refresh completed. 
2025-10-03 23:48:11 [debug] : Notification event posted from server - ON_DID_OPEN_COMPONENT. 
2025-10-03 23:48:11 [debug] : Application UI init preferences 
2025-10-03 23:48:11 [debug] : Frontend keybindings.onStart took longer than the expected maximum 100 milliseconds: 172.7 ms [Finished 4.233 s after frontend start] 
2025-10-03 23:48:11 [debug] : Frontend menus.onStart: 11.7 ms [Finished 4.245 s after frontend start] 
2025-10-03 23:48:11 [debug] : Opening channel for service path '/services/search-in-workspace'. 
2025-10-03 23:48:11 [debug] : Frontend c.onStart: 10.4 ms [Finished 4.256 s after frontend start] 
2025-10-03 23:48:11 [debug] : Frontend d.onStart: 23.7 ms [Finished 4.280 s after frontend start] 
2025-10-03 23:48:11 [debug] : Frontend d.onStart: 10.4 ms [Finished 4.291 s after frontend start] 
2025-10-03 23:48:11 [debug] : Frontend J.onStart: 0.1 ms [Finished 4.293 s after frontend start] 
2025-10-03 23:48:11 [debug] : Frontend l.onStart: 1.6 ms [Finished 4.295 s after frontend start] 
2025-10-03 23:48:11 [debug] : Frontend u.onStart: 4.8 ms [Finished 4.300 s after frontend start] 
2025-10-03 23:48:11 [debug] : Frontend n.onStart: 0.3 ms [Finished 4.300 s after frontend start] 
2025-10-03 23:48:11 [debug] : Frontend u.onStart: 1.3 ms [Finished 4.302 s after frontend start] 
2025-10-03 23:48:11 [debug] : Skipping menu item with missing command: "plugin.view-container.test.toggle". 
2025-10-03 23:48:11 [debug] : Frontend C.onStart: 30.5 ms [Finished 4.333 s after frontend start] 
2025-10-03 23:48:11 [debug] : Frontend p.onStart: 0.2 ms [Finished 4.333 s after frontend start] 
2025-10-03 23:48:11 [debug] : Frontend d.onStart: 0.2 ms [Finished 4.334 s after frontend start] 
2025-10-03 23:48:11 [debug] : Frontend u.onStart: 1.0 ms [Finished 4.335 s after frontend start] 
2025-10-03 23:48:11 [debug] : Frontend m.onStart: 1.0 ms [Finished 4.336 s after frontend start] 
2025-10-03 23:48:11 [debug] : Frontend n.onStart: 0.5 ms [Finished 4.337 s after frontend start] 
2025-10-03 23:48:11 [debug] : Frontend v.onStart: 0.6 ms [Finished 4.338 s after frontend start] 
2025-10-03 23:48:11 [debug] : Frontend P.onStart: 0.1 ms [Finished 4.338 s after frontend start] 
2025-10-03 23:48:11 [debug] : Frontend c.onStart: 0.2 ms [Finished 4.338 s after frontend start] 
2025-10-03 23:48:11 [debug] : Frontend b.onStart: 0.1 ms [Finished 4.338 s after frontend start] 
2025-10-03 23:48:11 [debug] : Frontend g.onStart: 1.0 ms [Finished 4.340 s after frontend start] 
2025-10-03 23:48:11 [debug] : Frontend f.onStart: 0.0 ms [Finished 4.340 s after frontend start] 
2025-10-03 23:48:11 [debug] : Frontend b.onStart: 0.3 ms [Finished 4.341 s after frontend start] 
2025-10-03 23:48:11 [debug] : Frontend d.onStart: 0.5 ms [Finished 4.341 s after frontend start] 
2025-10-03 23:48:11 [debug] : Frontend $.onStart: 0.7 ms [Finished 4.342 s after frontend start] 
2025-10-03 23:48:11 [debug] : Frontend $.onStart: 0.1 ms [Finished 4.342 s after frontend start] 
2025-10-03 23:48:11 [debug] : [hosted-plugin: 12700] IPC started 
2025-10-03 23:48:11 [debug] : Frontend y.onStart: 0.1 ms [Finished 4.342 s after frontend start] 
2025-10-03 23:48:11 [debug] : Frontend Object.onStart: 0.6 ms [Finished 4.343 s after frontend start] 
2025-10-03 23:48:11 [debug] : Frontend w.onStart: 31.5 ms [Finished 4.375 s after frontend start] 
2025-10-03 23:48:11 [debug] : Frontend d.onStart: 0.3 ms [Finished 4.376 s after frontend start] 
2025-10-03 23:48:11 [debug] : Frontend l.onStart: 0.8 ms [Finished 4.377 s after frontend start] 
2025-10-03 23:48:11 [debug] : Frontend j.onStart: 0.1 ms [Finished 4.377 s after frontend start] 
2025-10-03 23:48:11 [debug] : Frontend d.onStart: 0.4 ms [Finished 4.378 s after frontend start] 
2025-10-03 23:48:11 [debug] : Frontend c.onStart: 0.2 ms [Finished 4.378 s after frontend start] 
2025-10-03 23:48:11 [debug] : Frontend y.onStart: 0.1 ms [Finished 4.378 s after frontend start] 
2025-10-03 23:48:11 [debug] : Frontend w.onStart: 0.1 ms [Finished 4.379 s after frontend start] 
2025-10-03 23:48:11 [debug] : Frontend k.onStart: 0.2 ms [Finished 4.379 s after frontend start] 
2025-10-03 23:48:11 [debug] : Frontend n.onStart: 0.2 ms [Finished 4.379 s after frontend start] 
2025-10-03 23:48:11 [debug] : Frontend c.onStart: 0.2 ms [Finished 4.380 s after frontend start] 
2025-10-03 23:48:11 [debug] : [Feature Registry] Reading early access data from C:\Xilinx\Vitis\2024.1\vitisng-server\scripts\early-access\early-access.json 
2025-10-03 23:48:11 [debug] : [Feature Registry] Reading early access data from C:\Xilinx\Vitis\2024.1\vitisng-server\scripts\early-access\early-access.json 
2025-10-03 23:48:11 [debug] : [Feature Registry] Reading early access data from C:\Xilinx\Vitis\2024.1\vitisng-server\scripts\early-access\early-access.json 
2025-10-03 23:48:11 [debug] : [Feature Registry] Reading early access data from C:\Xilinx\Vitis\2024.1\vitisng-server\scripts\early-access\early-access.json 
2025-10-03 23:48:11 [debug] : [Feature Registry] Reading early access data from C:\Xilinx\Vitis\2024.1\vitisng-server\scripts\early-access\early-access.json 
2025-10-03 23:48:11 [debug] : Frontend m.onStart: 0.1 ms [Finished 4.380 s after frontend start] 
2025-10-03 23:48:11 [debug] : Start frontend contributions: 2437.8 ms [Finished 4.380 s after frontend start] 
2025-10-03 23:48:11 [debug] : Changed application state from 'init' to 'started_contributions'. 
2025-10-03 23:48:11 [debug] : Changed application state from 'started_contributions' to 'attached_shell'. 
2025-10-03 23:48:11 [debug] : >>> Restoring the layout state... 
2025-10-03 23:48:11 [debug] : Skipping menu item with missing command: "plugin.view-container.test.toggle". 
2025-10-03 23:48:11 [debug] : Received event from notification service: ON_DID_OPEN_COMPONENT. 
2025-10-03 23:48:11 [debug] : [ProjectDecorator] tree decoration updated 
2025-10-03 23:48:11 [debug] : [ProjectCache] Project location updated to Y:\apps\linear 
2025-10-03 23:48:11 [debug] : [ProjectDecorator] tree decoration updated 
2025-10-03 23:48:11 [debug] : [0da2b597-270f-4be4-b084-578e462b23b8] Waiting for backend deployment: 195.5 ms [Finished 4.539 s after frontend start] 
2025-10-03 23:48:12 [debug] : [0da2b597-270f-4be4-b084-578e462b23b8] Sync of 17 plugins: 463.7 ms [Finished 5.003 s after frontend start] 
2025-10-03 23:48:12 [debug] : <<< Nothing to restore. 
2025-10-03 23:48:12 [debug] : Frontend P.initializeLayout: 28.5 ms [Finished 5.039 s after frontend start] 
2025-10-03 23:48:12 [debug] : Frontend b.initializeLayout: 4.4 ms [Finished 5.044 s after frontend start] 
2025-10-03 23:48:12 [debug] : Frontend h.initializeLayout: 5.1 ms [Finished 5.049 s after frontend start] 
2025-10-03 23:48:12 [debug] : Frontend $.initializeLayout: 3.6 ms [Finished 5.053 s after frontend start] 
2025-10-03 23:48:12 [debug] : Frontend y.initializeLayout: 10.5 ms [Finished 5.063 s after frontend start] 
2025-10-03 23:48:12 [debug] : Frontend w.initializeLayout: 6.4 ms [Finished 5.070 s after frontend start] 
2025-10-03 23:48:12 [debug] : Frontend c.initializeLayout: 5.1 ms [Finished 5.075 s after frontend start] 
2025-10-03 23:48:12 [debug] : Frontend w.initializeLayout: 27.0 ms [Finished 5.103 s after frontend start] 
2025-10-03 23:48:12 [debug] : [Repository Examples UI] in on initialize layout method. 
2025-10-03 23:48:12 [debug] : Frontend R.initializeLayout: 10.4 ms [Finished 5.113 s after frontend start] 
2025-10-03 23:48:12 [debug] : Frontend u.initializeLayout: 3.8 ms [Finished 5.117 s after frontend start] 
2025-10-03 23:48:12 [debug] : Opening channel for service path '/services/report-model'. 
2025-10-03 23:48:12 [debug] : Frontend h.initializeLayout: 0.1 ms [Finished 5.117 s after frontend start] 
2025-10-03 23:48:12 [debug] : Frontend I.initializeLayout: 0.2 ms [Finished 5.117 s after frontend start] 
2025-10-03 23:48:12 [debug] : Frontend j.initializeLayout: 15.2 ms [Finished 5.133 s after frontend start] 
2025-10-03 23:48:12 [debug] : [Library Api Contribution] in on initialize layout method. 
2025-10-03 23:48:12 [debug] : Frontend p.initializeLayout: 12.9 ms [Finished 5.146 s after frontend start] 
2025-10-03 23:48:12 [debug] : [hosted-plugin: 12700] PLUGIN_HOST(12700) starting instance 
2025-10-03 23:48:12 [debug] : MonacoEditorModel.cancelSync {"0":"user-storage:/user/settings.json"}
2025-10-03 23:48:12 [debug] : MonacoEditorModel.cancelSave {"0":"user-storage:/user/settings.json"}
2025-10-03 23:48:12 [debug] : f.registerSchemas is taking more than 500.0 ms, new schemas are ignored. 
2025-10-03 23:48:12 [debug] : MonacoEditorModel.fireDidChangeContent - enter - {
  "changes": [
    {
      "range": {
        "startLineNumber": 3,
        "startColumn": 29,
        "endLineNumber": 3,
        "endColumn": 37
      },
      "rangeLength": 8,
      "text": "\"custom\"",
      "rangeOffset": 85,
      "forceMoveMarkers": false
    }
  ],
  "eol": "\r\n",
  "versionId": 2,
  "isUndoing": false,
  "isRedoing": false,
  "isFlush": false
} {"0":"user-storage:/user/settings.json"}
2025-10-03 23:48:12 [debug] : MonacoEditorModel.markAsDirty - enter {"0":"user-storage:/user/settings.json"}
2025-10-03 23:48:12 [debug] : MonacoEditorModel.cancelSync {"0":"user-storage:/user/settings.json"}
2025-10-03 23:48:12 [debug] : MonacoEditorModel.cancelSave {"0":"user-storage:/user/settings.json"}
2025-10-03 23:48:12 [debug] : MonacoEditorModel.markAsDirty - exit {"0":"user-storage:/user/settings.json"}
2025-10-03 23:48:12 [debug] : MonacoEditorModel.fireDidChangeContent - exit {"0":"user-storage:/user/settings.json"}
2025-10-03 23:48:12 [debug] : MonacoEditorModel.cancelSave {"0":"user-storage:/user/settings.json"}
2025-10-03 23:48:12 [debug] : MonacoEditorModel.cancelSave {"0":"user-storage:/user/settings.json"}
2025-10-03 23:48:12 [debug] : MonacoEditorModel.cancelSync {"0":"user-storage:/user/settings.json"}
2025-10-03 23:48:12 [debug] : MonacoEditorModel.cancelSave {"0":"user-storage:/user/settings.json"}
2025-10-03 23:48:13 [debug] : Initialize the workbench layout: 1210.1 ms [Finished 5.625 s after frontend start] 
2025-10-03 23:48:13 [debug] : Changed application state from 'attached_shell' to 'initialized_layout'. 
2025-10-03 23:48:13 [debug] : Frontend I.onDidInitializeLayout: 0.2 ms [Finished 5.625 s after frontend start] 
2025-10-03 23:48:13 [debug] : Failed to register a menu item for plugin eamodio.gitlens contributed to editor/context/copy {"0":{"command":"gitlens.copyRemoteFileUrlToClipboard","group":"1_gitlens@1","when":"editorTextFocus && gitlens:activeFileStatus =~ /blameable/ && config.gitlens.menus.editor.clipboard"},"1":"Error: Could not find submenu with id editor/context/copy\n    at d.getMenuNode (file:///C:/Xilinx/Vitis/2024.1/ide/electron-app/win64/resources/app/lib/bundle.js:2:2587357)\n    at v.handle (file:///C:/Xilinx/Vitis/2024.1/ide/electron-app/win64/resources/app/lib/bundle.js:2:7458306)\n    at file:///C:/Xilinx/Vitis/2024.1/ide/electron-app/win64/resources/app/lib/bundle.js:2:7477312\n    at o (file:///C:/Xilinx/Vitis/2024.1/ide/electron-app/win64/resources/app/lib/bundle.js:2:7474973)\n    at E.handleContributions (file:///C:/Xilinx/Vitis/2024.1/ide/electron-app/win64/resources/app/lib/bundle.js:2:7477267)\n    at U.loadContributions (file:///C:/Xilinx/Vitis/2024.1/ide/electron-app/win64/resources/app/lib/bundle.js:2:7304600)\n    at U.doLoad (file:///C:/Xilinx/Vitis/2024.1/ide/electron-app/win64/resources/app/lib/bundle.js:2:7302692)\n    at async d.withProgress (file:///C:/Xilinx/Vitis/2024.1/ide/electron-app/win64/resources/app/lib/bundle.js:2:2627430)\n    at async file:///C:/Xilinx/Vitis/2024.1/ide/electron-app/win64/resources/app/lib/bundle.js:2:7300035"}
2025-10-03 23:48:13 [debug] : Failed to register a menu item for plugin eamodio.gitlens contributed to editor/context/copy {"0":{"command":"gitlens.copyRemoteFileUrlFrom","group":"1_gitlens@2","when":"editorTextFocus && gitlens:activeFileStatus =~ /blameable/ && config.gitlens.menus.editor.clipboard"},"1":"Error: Could not find submenu with id editor/context/copy\n    at d.getMenuNode (file:///C:/Xilinx/Vitis/2024.1/ide/electron-app/win64/resources/app/lib/bundle.js:2:2587357)\n    at v.handle (file:///C:/Xilinx/Vitis/2024.1/ide/electron-app/win64/resources/app/lib/bundle.js:2:7458306)\n    at file:///C:/Xilinx/Vitis/2024.1/ide/electron-app/win64/resources/app/lib/bundle.js:2:7477312\n    at o (file:///C:/Xilinx/Vitis/2024.1/ide/electron-app/win64/resources/app/lib/bundle.js:2:7474973)\n    at E.handleContributions (file:///C:/Xilinx/Vitis/2024.1/ide/electron-app/win64/resources/app/lib/bundle.js:2:7477267)\n    at U.loadContributions (file:///C:/Xilinx/Vitis/2024.1/ide/electron-app/win64/resources/app/lib/bundle.js:2:7304600)\n    at U.doLoad (file:///C:/Xilinx/Vitis/2024.1/ide/electron-app/win64/resources/app/lib/bundle.js:2:7302692)\n    at async d.withProgress (file:///C:/Xilinx/Vitis/2024.1/ide/electron-app/win64/resources/app/lib/bundle.js:2:2627430)\n    at async file:///C:/Xilinx/Vitis/2024.1/ide/electron-app/win64/resources/app/lib/bundle.js:2:7300035"}
2025-10-03 23:48:13 [debug] : Failed to register a menu item for plugin eamodio.gitlens contributed to editor/context/copy {"0":{"command":"gitlens.copyRemoteCommitUrl","group":"1_gitlens@3","when":"editorTextFocus && gitlens:activeFileStatus =~ /blameable/ && config.gitlens.menus.editor.clipboard"},"1":"Error: Could not find submenu with id editor/context/copy\n    at d.getMenuNode (file:///C:/Xilinx/Vitis/2024.1/ide/electron-app/win64/resources/app/lib/bundle.js:2:2587357)\n    at v.handle (file:///C:/Xilinx/Vitis/2024.1/ide/electron-app/win64/resources/app/lib/bundle.js:2:7458306)\n    at file:///C:/Xilinx/Vitis/2024.1/ide/electron-app/win64/resources/app/lib/bundle.js:2:7477312\n    at o (file:///C:/Xilinx/Vitis/2024.1/ide/electron-app/win64/resources/app/lib/bundle.js:2:7474973)\n    at E.handleContributions (file:///C:/Xilinx/Vitis/2024.1/ide/electron-app/win64/resources/app/lib/bundle.js:2:7477267)\n    at U.loadContributions (file:///C:/Xilinx/Vitis/2024.1/ide/electron-app/win64/resources/app/lib/bundle.js:2:7304600)\n    at U.doLoad (file:///C:/Xilinx/Vitis/2024.1/ide/electron-app/win64/resources/app/lib/bundle.js:2:7302692)\n    at async d.withProgress (file:///C:/Xilinx/Vitis/2024.1/ide/electron-app/win64/resources/app/lib/bundle.js:2:2627430)\n    at async file:///C:/Xilinx/Vitis/2024.1/ide/electron-app/win64/resources/app/lib/bundle.js:2:7300035"}
2025-10-03 23:48:13 [debug] : Failed to register a menu item for plugin eamodio.gitlens contributed to editor/context/copy {"0":{"command":"gitlens.copyShaToClipboard","group":"2_gitlens@1","when":"editorTextFocus && gitlens:activeFileStatus =~ /blameable/ && config.gitlens.menus.editor.clipboard"},"1":"Error: Could not find submenu with id editor/context/copy\n    at d.getMenuNode (file:///C:/Xilinx/Vitis/2024.1/ide/electron-app/win64/resources/app/lib/bundle.js:2:2587357)\n    at v.handle (file:///C:/Xilinx/Vitis/2024.1/ide/electron-app/win64/resources/app/lib/bundle.js:2:7458306)\n    at file:///C:/Xilinx/Vitis/2024.1/ide/electron-app/win64/resources/app/lib/bundle.js:2:7477312\n    at o (file:///C:/Xilinx/Vitis/2024.1/ide/electron-app/win64/resources/app/lib/bundle.js:2:7474973)\n    at E.handleContributions (file:///C:/Xilinx/Vitis/2024.1/ide/electron-app/win64/resources/app/lib/bundle.js:2:7477267)\n    at U.loadContributions (file:///C:/Xilinx/Vitis/2024.1/ide/electron-app/win64/resources/app/lib/bundle.js:2:7304600)\n    at U.doLoad (file:///C:/Xilinx/Vitis/2024.1/ide/electron-app/win64/resources/app/lib/bundle.js:2:7302692)\n    at async d.withProgress (file:///C:/Xilinx/Vitis/2024.1/ide/electron-app/win64/resources/app/lib/bundle.js:2:2627430)\n    at async file:///C:/Xilinx/Vitis/2024.1/ide/electron-app/win64/resources/app/lib/bundle.js:2:7300035"}
2025-10-03 23:48:13 [debug] : Failed to register a menu item for plugin eamodio.gitlens contributed to editor/context/copy {"0":{"command":"gitlens.copyMessageToClipboard","group":"2_gitlens@2","when":"editorTextFocus && gitlens:activeFileStatus =~ /blameable/ && config.gitlens.menus.editor.clipboard"},"1":"Error: Could not find submenu with id editor/context/copy\n    at d.getMenuNode (file:///C:/Xilinx/Vitis/2024.1/ide/electron-app/win64/resources/app/lib/bundle.js:2:2587357)\n    at v.handle (file:///C:/Xilinx/Vitis/2024.1/ide/electron-app/win64/resources/app/lib/bundle.js:2:7458306)\n    at file:///C:/Xilinx/Vitis/2024.1/ide/electron-app/win64/resources/app/lib/bundle.js:2:7477312\n    at o (file:///C:/Xilinx/Vitis/2024.1/ide/electron-app/win64/resources/app/lib/bundle.js:2:7474973)\n    at E.handleContributions (file:///C:/Xilinx/Vitis/2024.1/ide/electron-app/win64/resources/app/lib/bundle.js:2:7477267)\n    at U.loadContributions (file:///C:/Xilinx/Vitis/2024.1/ide/electron-app/win64/resources/app/lib/bundle.js:2:7304600)\n    at U.doLoad (file:///C:/Xilinx/Vitis/2024.1/ide/electron-app/win64/resources/app/lib/bundle.js:2:7302692)\n    at async d.withProgress (file:///C:/Xilinx/Vitis/2024.1/ide/electron-app/win64/resources/app/lib/bundle.js:2:2627430)\n    at async file:///C:/Xilinx/Vitis/2024.1/ide/electron-app/win64/resources/app/lib/bundle.js:2:7300035"}
2025-10-03 23:48:13 [debug] : Failed to register a menu item for plugin eamodio.gitlens contributed to extension/context {"0":{"command":"gitlens.showWelcomePage","group":"9_gitlens@1","when":"extension =~ /^eamodio.gitlens(-insiders)?$/ && extensionStatus == installed"},"1":"Error: Could not find submenu with id extension/context\n    at d.getMenuNode (file:///C:/Xilinx/Vitis/2024.1/ide/electron-app/win64/resources/app/lib/bundle.js:2:2587357)\n    at v.handle (file:///C:/Xilinx/Vitis/2024.1/ide/electron-app/win64/resources/app/lib/bundle.js:2:7458306)\n    at file:///C:/Xilinx/Vitis/2024.1/ide/electron-app/win64/resources/app/lib/bundle.js:2:7477312\n    at o (file:///C:/Xilinx/Vitis/2024.1/ide/electron-app/win64/resources/app/lib/bundle.js:2:7474973)\n    at E.handleContributions (file:///C:/Xilinx/Vitis/2024.1/ide/electron-app/win64/resources/app/lib/bundle.js:2:7477267)\n    at U.loadContributions (file:///C:/Xilinx/Vitis/2024.1/ide/electron-app/win64/resources/app/lib/bundle.js:2:7304600)\n    at U.doLoad (file:///C:/Xilinx/Vitis/2024.1/ide/electron-app/win64/resources/app/lib/bundle.js:2:7302692)\n    at async d.withProgress (file:///C:/Xilinx/Vitis/2024.1/ide/electron-app/win64/resources/app/lib/bundle.js:2:2627430)\n    at async file:///C:/Xilinx/Vitis/2024.1/ide/electron-app/win64/resources/app/lib/bundle.js:2:7300035"}
2025-10-03 23:48:13 [debug] : Failed to register a menu item for plugin eamodio.gitlens contributed to extension/context {"0":{"command":"gitlens.showSettingsPage","group":"9_gitlens@2","when":"extension =~ /^eamodio.gitlens(-insiders)?$/ && extensionStatus == installed"},"1":"Error: Could not find submenu with id extension/context\n    at d.getMenuNode (file:///C:/Xilinx/Vitis/2024.1/ide/electron-app/win64/resources/app/lib/bundle.js:2:2587357)\n    at v.handle (file:///C:/Xilinx/Vitis/2024.1/ide/electron-app/win64/resources/app/lib/bundle.js:2:7458306)\n    at file:///C:/Xilinx/Vitis/2024.1/ide/electron-app/win64/resources/app/lib/bundle.js:2:7477312\n    at o (file:///C:/Xilinx/Vitis/2024.1/ide/electron-app/win64/resources/app/lib/bundle.js:2:7474973)\n    at E.handleContributions (file:///C:/Xilinx/Vitis/2024.1/ide/electron-app/win64/resources/app/lib/bundle.js:2:7477267)\n    at U.loadContributions (file:///C:/Xilinx/Vitis/2024.1/ide/electron-app/win64/resources/app/lib/bundle.js:2:7304600)\n    at U.doLoad (file:///C:/Xilinx/Vitis/2024.1/ide/electron-app/win64/resources/app/lib/bundle.js:2:7302692)\n    at async d.withProgress (file:///C:/Xilinx/Vitis/2024.1/ide/electron-app/win64/resources/app/lib/bundle.js:2:2627430)\n    at async file:///C:/Xilinx/Vitis/2024.1/ide/electron-app/win64/resources/app/lib/bundle.js:2:7300035"}
2025-10-03 23:48:13 [debug] : Failed to register a menu item for plugin eamodio.gitlens contributed to git.commit {"0":{"command":"gitlens.addAuthors","group":"4_gitlens@1","when":"gitlens:enabled && !gitlens:readonly && config.gitlens.menus.scm.authors"},"1":"Error: Could not find submenu with id git.commit\n    at d.getMenuNode (file:///C:/Xilinx/Vitis/2024.1/ide/electron-app/win64/resources/app/lib/bundle.js:2:2587357)\n    at v.handle (file:///C:/Xilinx/Vitis/2024.1/ide/electron-app/win64/resources/app/lib/bundle.js:2:7458306)\n    at file:///C:/Xilinx/Vitis/2024.1/ide/electron-app/win64/resources/app/lib/bundle.js:2:7477312\n    at o (file:///C:/Xilinx/Vitis/2024.1/ide/electron-app/win64/resources/app/lib/bundle.js:2:7474973)\n    at E.handleContributions (file:///C:/Xilinx/Vitis/2024.1/ide/electron-app/win64/resources/app/lib/bundle.js:2:7477267)\n    at U.loadContributions (file:///C:/Xilinx/Vitis/2024.1/ide/electron-app/win64/resources/app/lib/bundle.js:2:7304600)\n    at U.doLoad (file:///C:/Xilinx/Vitis/2024.1/ide/electron-app/win64/resources/app/lib/bundle.js:2:7302692)\n    at async d.withProgress (file:///C:/Xilinx/Vitis/2024.1/ide/electron-app/win64/resources/app/lib/bundle.js:2:2627430)\n    at async file:///C:/Xilinx/Vitis/2024.1/ide/electron-app/win64/resources/app/lib/bundle.js:2:7300035"}
2025-10-03 23:48:13 [debug] : Failed to register a menu item for plugin eamodio.gitlens contributed to menuBar/edit/copy {"0":{"command":"gitlens.copyRemoteFileUrlToClipboard","group":"1_gitlens@1","when":"gitlens:activeFileStatus =~ /blameable/ && config.gitlens.menus.editor.clipboard"},"1":"Error: Could not find submenu with id menuBar/edit/copy\n    at d.getMenuNode (file:///C:/Xilinx/Vitis/2024.1/ide/electron-app/win64/resources/app/lib/bundle.js:2:2587357)\n    at v.handle (file:///C:/Xilinx/Vitis/2024.1/ide/electron-app/win64/resources/app/lib/bundle.js:2:7458306)\n    at file:///C:/Xilinx/Vitis/2024.1/ide/electron-app/win64/resources/app/lib/bundle.js:2:7477312\n    at o (file:///C:/Xilinx/Vitis/2024.1/ide/electron-app/win64/resources/app/lib/bundle.js:2:7474973)\n    at E.handleContributions (file:///C:/Xilinx/Vitis/2024.1/ide/electron-app/win64/resources/app/lib/bundle.js:2:7477267)\n    at U.loadContributions (file:///C:/Xilinx/Vitis/2024.1/ide/electron-app/win64/resources/app/lib/bundle.js:2:7304600)\n    at U.doLoad (file:///C:/Xilinx/Vitis/2024.1/ide/electron-app/win64/resources/app/lib/bundle.js:2:7302692)\n    at async d.withProgress (file:///C:/Xilinx/Vitis/2024.1/ide/electron-app/win64/resources/app/lib/bundle.js:2:2627430)\n    at async file:///C:/Xilinx/Vitis/2024.1/ide/electron-app/win64/resources/app/lib/bundle.js:2:7300035"}
2025-10-03 23:48:13 [debug] : Failed to register a menu item for plugin eamodio.gitlens contributed to menuBar/edit/copy {"0":{"command":"gitlens.copyRemoteFileUrlFrom","group":"1_gitlens@2","when":"gitlens:activeFileStatus =~ /blameable/ && config.gitlens.menus.editor.clipboard"},"1":"Error: Could not find submenu with id menuBar/edit/copy\n    at d.getMenuNode (file:///C:/Xilinx/Vitis/2024.1/ide/electron-app/win64/resources/app/lib/bundle.js:2:2587357)\n    at v.handle (file:///C:/Xilinx/Vitis/2024.1/ide/electron-app/win64/resources/app/lib/bundle.js:2:7458306)\n    at file:///C:/Xilinx/Vitis/2024.1/ide/electron-app/win64/resources/app/lib/bundle.js:2:7477312\n    at o (file:///C:/Xilinx/Vitis/2024.1/ide/electron-app/win64/resources/app/lib/bundle.js:2:7474973)\n    at E.handleContributions (file:///C:/Xilinx/Vitis/2024.1/ide/electron-app/win64/resources/app/lib/bundle.js:2:7477267)\n    at U.loadContributions (file:///C:/Xilinx/Vitis/2024.1/ide/electron-app/win64/resources/app/lib/bundle.js:2:7304600)\n    at U.doLoad (file:///C:/Xilinx/Vitis/2024.1/ide/electron-app/win64/resources/app/lib/bundle.js:2:7302692)\n    at async d.withProgress (file:///C:/Xilinx/Vitis/2024.1/ide/electron-app/win64/resources/app/lib/bundle.js:2:2627430)\n    at async file:///C:/Xilinx/Vitis/2024.1/ide/electron-app/win64/resources/app/lib/bundle.js:2:7300035"}
2025-10-03 23:48:13 [debug] : [0da2b597-270f-4be4-b084-578e462b23b8][eamodio.gitlens]: Loaded contributions. 
2025-10-03 23:48:13 [debug] : [0da2b597-270f-4be4-b084-578e462b23b8][eclipse-cdt.serial-monitor]: Loaded contributions. 
2025-10-03 23:48:13 [debug] : Failed to register a menu item for plugin amd.tcf-debug contributed to editor/title/run {"0":{"command":"extension.tcf-debug.debugEditorContents","group":"navigation@2","when":"resourceLangId == cpp || resourceLangId == c"},"1":"Error: Could not find submenu with id editor/title/run\n    at d.getMenuNode (file:///C:/Xilinx/Vitis/2024.1/ide/electron-app/win64/resources/app/lib/bundle.js:2:2587357)\n    at v.handle (file:///C:/Xilinx/Vitis/2024.1/ide/electron-app/win64/resources/app/lib/bundle.js:2:7458306)\n    at file:///C:/Xilinx/Vitis/2024.1/ide/electron-app/win64/resources/app/lib/bundle.js:2:7477312\n    at o (file:///C:/Xilinx/Vitis/2024.1/ide/electron-app/win64/resources/app/lib/bundle.js:2:7474973)\n    at E.handleContributions (file:///C:/Xilinx/Vitis/2024.1/ide/electron-app/win64/resources/app/lib/bundle.js:2:7477267)\n    at U.loadContributions (file:///C:/Xilinx/Vitis/2024.1/ide/electron-app/win64/resources/app/lib/bundle.js:2:7304600)\n    at U.doLoad (file:///C:/Xilinx/Vitis/2024.1/ide/electron-app/win64/resources/app/lib/bundle.js:2:7302692)\n    at async d.withProgress (file:///C:/Xilinx/Vitis/2024.1/ide/electron-app/win64/resources/app/lib/bundle.js:2:2627430)\n    at async file:///C:/Xilinx/Vitis/2024.1/ide/electron-app/win64/resources/app/lib/bundle.js:2:7300035"}
2025-10-03 23:48:13 [debug] : [0da2b597-270f-4be4-b084-578e462b23b8][amd.tcf-debug]: Loaded contributions. 
2025-10-03 23:48:13 [debug] : [0da2b597-270f-4be4-b084-578e462b23b8][twxs.cmake]: Loaded contributions. 
2025-10-03 23:48:13 [debug] : [0da2b597-270f-4be4-b084-578e462b23b8][amd.vitis-config]: Loaded contributions. 
2025-10-03 23:48:13 [debug] : [0da2b597-270f-4be4-b084-578e462b23b8][amd.vitis-hls-l1-library]: Loaded contributions. 
2025-10-03 23:48:13 [debug] : [0da2b597-270f-4be4-b084-578e462b23b8][amd.vitis-hls-pragma]: Loaded contributions. 
2025-10-03 23:48:13 [debug] : [0da2b597-270f-4be4-b084-578e462b23b8][vscode.cpp]: Loaded contributions. 
2025-10-03 23:48:13 [debug] : [0da2b597-270f-4be4-b084-578e462b23b8][vscode.github]: Loaded contributions. 
2025-10-03 23:48:13 [debug] : [0da2b597-270f-4be4-b084-578e462b23b8][vscode.github-authentication]: Loaded contributions. 
2025-10-03 23:48:13 [debug] : [0da2b597-270f-4be4-b084-578e462b23b8][vscode.json]: Loaded contributions. 
2025-10-03 23:48:13 [debug] : Preference name collision detected in the schema for property: [json] 
2025-10-03 23:48:13 [debug] : Preference name collision detected in the schema for property: [jsonc] 
2025-10-03 23:48:13 [debug] : [0da2b597-270f-4be4-b084-578e462b23b8][vscode.json-language-features]: Loaded contributions. 
2025-10-03 23:48:13 [debug] : [0da2b597-270f-4be4-b084-578e462b23b8][llvm-vs-code-extensions.vscode-clangd]: Loaded contributions. 
2025-10-03 23:48:13 [debug] : [0da2b597-270f-4be4-b084-578e462b23b8][pkief.material-icon-theme]: Loaded contributions. 
2025-10-03 23:48:13 [debug] : [0da2b597-270f-4be4-b084-578e462b23b8][webfreak.debug]: Loaded contributions. 
2025-10-03 23:48:13 [debug] : Failed to register a menu item for plugin vscode.git contributed to scm/sourceControl {"0":{"command":"git.close","group":"navigation","when":"scmProvider == git"},"1":"Error: Could not find submenu with id scm/sourceControl\n    at d.getMenuNode (file:///C:/Xilinx/Vitis/2024.1/ide/electron-app/win64/resources/app/lib/bundle.js:2:2587357)\n    at v.handle (file:///C:/Xilinx/Vitis/2024.1/ide/electron-app/win64/resources/app/lib/bundle.js:2:7458306)\n    at file:///C:/Xilinx/Vitis/2024.1/ide/electron-app/win64/resources/app/lib/bundle.js:2:7477312\n    at o (file:///C:/Xilinx/Vitis/2024.1/ide/electron-app/win64/resources/app/lib/bundle.js:2:7474973)\n    at E.handleContributions (file:///C:/Xilinx/Vitis/2024.1/ide/electron-app/win64/resources/app/lib/bundle.js:2:7477267)\n    at U.loadContributions (file:///C:/Xilinx/Vitis/2024.1/ide/electron-app/win64/resources/app/lib/bundle.js:2:7304600)\n    at U.doLoad (file:///C:/Xilinx/Vitis/2024.1/ide/electron-app/win64/resources/app/lib/bundle.js:2:7302692)\n    at async d.withProgress (file:///C:/Xilinx/Vitis/2024.1/ide/electron-app/win64/resources/app/lib/bundle.js:2:2627430)\n    at async file:///C:/Xilinx/Vitis/2024.1/ide/electron-app/win64/resources/app/lib/bundle.js:2:7300035"}
2025-10-03 23:48:13 [debug] : Failed to register a menu item for plugin vscode.git contributed to scm/change/title {"0":{"command":"git.stageChange","when":"config.git.enabled && !git.missing && originalResourceScheme == git"},"1":"Error: Could not find submenu with id scm/change/title\n    at d.getMenuNode (file:///C:/Xilinx/Vitis/2024.1/ide/electron-app/win64/resources/app/lib/bundle.js:2:2587357)\n    at v.handle (file:///C:/Xilinx/Vitis/2024.1/ide/electron-app/win64/resources/app/lib/bundle.js:2:7458306)\n    at file:///C:/Xilinx/Vitis/2024.1/ide/electron-app/win64/resources/app/lib/bundle.js:2:7477312\n    at o (file:///C:/Xilinx/Vitis/2024.1/ide/electron-app/win64/resources/app/lib/bundle.js:2:7474973)\n    at E.handleContributions (file:///C:/Xilinx/Vitis/2024.1/ide/electron-app/win64/resources/app/lib/bundle.js:2:7477267)\n    at U.loadContributions (file:///C:/Xilinx/Vitis/2024.1/ide/electron-app/win64/resources/app/lib/bundle.js:2:7304600)\n    at U.doLoad (file:///C:/Xilinx/Vitis/2024.1/ide/electron-app/win64/resources/app/lib/bundle.js:2:7302692)\n    at async d.withProgress (file:///C:/Xilinx/Vitis/2024.1/ide/electron-app/win64/resources/app/lib/bundle.js:2:2627430)\n    at async file:///C:/Xilinx/Vitis/2024.1/ide/electron-app/win64/resources/app/lib/bundle.js:2:7300035"}
2025-10-03 23:48:13 [debug] : Failed to register a menu item for plugin vscode.git contributed to scm/change/title {"0":{"command":"git.revertChange","when":"config.git.enabled && !git.missing && originalResourceScheme == git"},"1":"Error: Could not find submenu with id scm/change/title\n    at d.getMenuNode (file:///C:/Xilinx/Vitis/2024.1/ide/electron-app/win64/resources/app/lib/bundle.js:2:2587357)\n    at v.handle (file:///C:/Xilinx/Vitis/2024.1/ide/electron-app/win64/resources/app/lib/bundle.js:2:7458306)\n    at file:///C:/Xilinx/Vitis/2024.1/ide/electron-app/win64/resources/app/lib/bundle.js:2:7477312\n    at o (file:///C:/Xilinx/Vitis/2024.1/ide/electron-app/win64/resources/app/lib/bundle.js:2:7474973)\n    at E.handleContributions (file:///C:/Xilinx/Vitis/2024.1/ide/electron-app/win64/resources/app/lib/bundle.js:2:7477267)\n    at U.loadContributions (file:///C:/Xilinx/Vitis/2024.1/ide/electron-app/win64/resources/app/lib/bundle.js:2:7304600)\n    at U.doLoad (file:///C:/Xilinx/Vitis/2024.1/ide/electron-app/win64/resources/app/lib/bundle.js:2:7302692)\n    at async d.withProgress (file:///C:/Xilinx/Vitis/2024.1/ide/electron-app/win64/resources/app/lib/bundle.js:2:2627430)\n    at async file:///C:/Xilinx/Vitis/2024.1/ide/electron-app/win64/resources/app/lib/bundle.js:2:7300035"}
2025-10-03 23:48:13 [debug] : [0da2b597-270f-4be4-b084-578e462b23b8][vscode.git]: Loaded contributions. 
2025-10-03 23:48:13 [debug] : [0da2b597-270f-4be4-b084-578e462b23b8][vscode.make]: Loaded contributions. 
2025-10-03 23:48:13 [debug] : [0da2b597-270f-4be4-b084-578e462b23b8] Load contributions of 17 plugins: 447.7 ms [Finished 6.073 s after frontend start] 
2025-10-03 23:48:13 [debug] : Frontend w.onDidInitializeLayout: 45.8 ms [Finished 6.128 s after frontend start] 
2025-10-03 23:48:13 [debug] : Frontend h.onDidInitializeLayout: 8.8 ms [Finished 6.155 s after frontend start] 
2025-10-03 23:48:13 [debug] : Frontend j.onDidInitializeLayout: 43.0 ms [Finished 6.205 s after frontend start] 
2025-10-03 23:48:13 [debug] : Error: view container is disposed
    at n.get containerLayout [as containerLayout] (file:///C:/Xilinx/Vitis/2024.1/ide/electron-app/win64/resources/app/lib/bundle.js:2:2475085)
    at n.getParts (file:///C:/Xilinx/Vitis/2024.1/ide/electron-app/win64/resources/app/lib/bundle.js:2:2474843)
    at n.getTrackableWidgets (file:///C:/Xilinx/Vitis/2024.1/ide/electron-app/win64/resources/app/lib/bundle.js:2:2478201)
    at I.prepareViewContainer (file:///C:/Xilinx/Vitis/2024.1/ide/electron-app/win64/resources/app/lib/bundle.js:2:7571250)
    at async file:///C:/Xilinx/Vitis/2024.1/ide/electron-app/win64/resources/app/lib/bundle.js:2:7573411
    at async Promise.all (index 2)
    at async I.initWidgets (file:///C:/Xilinx/Vitis/2024.1/ide/electron-app/win64/resources/app/lib/bundle.js:2:7574073)
    at async U.doLoad (file:///C:/Xilinx/Vitis/2024.1/ide/electron-app/win64/resources/app/lib/bundle.js:2:7302713)
    at async d.withProgress (file:///C:/Xilinx/Vitis/2024.1/ide/electron-app/win64/resources/app/lib/bundle.js:2:2627430)
    at async file:///C:/Xilinx/Vitis/2024.1/ide/electron-app/win64/resources/app/lib/bundle.js:2:7300035 
2025-10-03 23:48:13 [debug] : Frontend A.onDidInitializeLayout: 0.2 ms [Finished 6.221 s after frontend start] 
2025-10-03 23:48:13 [debug] : Frontend f.onDidInitializeLayout: 4.5 ms [Finished 6.226 s after frontend start] 
2025-10-03 23:48:13 [debug] : RIGEL SERVER 23:48:13 INFO  : Successfully created repository data at Y:\/.wsdata
23:48:13 INFO  : cmd.exe, /C, C:\Xilinx\Vitis\2024.1\tps\win64\lopper-1.1.0\env\Scripts\activate.bat && python C:\Xilinx\Vitis\2024.1\data\embeddedsw\scripts\pyesw\\get_template_data.py -d C:\Users\dashygo\AppData\Local\Temp\rigel_lopper_dashygo10885222490343945823 -r Y:\.wsdata\.repo.yaml && C:\Xilinx\Vitis\2024.1\tps\win64\lopper-1.1.0\env\Scripts\deactivate.bat 
2025-10-03 23:48:13 [debug] : Theia configuration directory file:///c:/Users/dashygo/.Xilinx/Vitis/2024.1/.vitisng' 
2025-10-03 23:48:13 [debug] : Theia configuration directory file:///c:/Users/dashygo/.Xilinx/Vitis/2024.1/.vitisng' 
2025-10-03 23:48:13 [debug] : Theia configuration directory file:///c:/Users/dashygo/.Xilinx/Vitis/2024.1/.vitisng' 
2025-10-03 23:48:13 [debug] : Theia configuration directory file:///c:/Users/dashygo/.Xilinx/Vitis/2024.1/.vitisng' 
2025-10-03 23:48:13 [debug] : 'cpp' language is remapped from 'source.cpp.embedded.macro' to 'source.cpp' scope 
2025-10-03 23:48:13 [debug] : a registered grammar configuration for 'cpp' language is overridden 
2025-10-03 23:48:14 [debug] : RIGEL SERVER 23:48:14 INFO  : Embedded Template List generated successfully 
2025-10-03 23:48:14 [debug] : [Application Examples Provider] Templates model update completed. 
2025-10-03 23:48:14 [debug] : [Application Examples Provider] common calling method completed. 
2025-10-03 23:48:14 [debug] : [Application Examples Provider] refresh completed. 
2025-10-03 23:48:14 [debug] : Opening channel for service path '/services/keytar'. 
2025-10-03 23:48:14 [debug] : Theia configuration directory file:///c:/Users/dashygo/.Xilinx/Vitis/2024.1/.vitisng' 
2025-10-03 23:48:14 [debug] : getTasks(): about to return task information for 0 tasks 
2025-10-03 23:48:14 [debug] : Theia configuration directory file:///c:/Users/dashygo/.Xilinx/Vitis/2024.1/.vitisng' 
2025-10-03 23:48:14 [debug] : Theia configuration directory file:///c:/Users/dashygo/.Xilinx/Vitis/2024.1/.vitisng' 
2025-10-03 23:48:14 [debug] : Theia configuration directory file:///c:/Users/dashygo/.Xilinx/Vitis/2024.1/.vitisng' 
2025-10-03 23:48:14 [debug] : Frontend application start: 4604.7 ms [Finished 349.512 s after backend start] 
2025-10-03 23:48:14 [debug] : Replace loading indicator with ready workbench UI (animation): 939.1 ms [Finished 7.173 s after frontend start] 
2025-10-03 23:48:14 [debug] : Changed application state from 'initialized_layout' to 'ready'. 
2025-10-03 23:48:14 [debug] : [hosted-plugin: 12700] PLUGIN_HOST(12700): PluginManagerExtImpl/init() 
2025-10-03 23:48:14 [debug] : [hosted-plugin: 12700] PLUGIN_HOST(12700): initializing(gitlens@11.7.0 with C:\Xilinx\Vitis\2024.1\ide\electron-app\win64\resources\app\node_modules\@theia\plugin-ext-vscode\lib\node\plugin-vscode-init) 
2025-10-03 23:48:14 [debug] : [hosted-plugin: 12700] PLUGIN_HOST(12700): initializing(serial-monitor@1.0.2 with C:\Xilinx\Vitis\2024.1\ide\electron-app\win64\resources\app\node_modules\@theia\plugin-ext-vscode\lib\node\plugin-vscode-init) 
2025-10-03 23:48:14 [debug] : [hosted-plugin: 12700] PLUGIN_HOST(12700): initializing(tcf-debug@0.0.1 with C:\Xilinx\Vitis\2024.1\ide\electron-app\win64\resources\app\node_modules\@theia\plugin-ext-vscode\lib\node\plugin-vscode-init) 
2025-10-03 23:48:14 [debug] : [hosted-plugin: 12700] Debugger contribution has been registered: tcf-debug 
2025-10-03 23:48:14 [debug] : [hosted-plugin: 12700] PLUGIN_HOST(12700): initializing(cmake@0.0.17 with C:\Xilinx\Vitis\2024.1\ide\electron-app\win64\resources\app\node_modules\@theia\plugin-ext-vscode\lib\node\plugin-vscode-init) 
2025-10-03 23:48:14 [debug] : [hosted-plugin: 12700] PLUGIN_HOST(12700): initializing(vitis-config@0.0.1 with C:\Xilinx\Vitis\2024.1\ide\electron-app\win64\resources\app\node_modules\@theia\plugin-ext-vscode\lib\node\plugin-vscode-init) 
2025-10-03 23:48:14 [debug] : [hosted-plugin: 12700] PLUGIN_HOST(12700): initializing(vitis-hls-l1-library@0.0.1 with C:\Xilinx\Vitis\2024.1\ide\electron-app\win64\resources\app\node_modules\@theia\plugin-ext-vscode\lib\node\plugin-vscode-init) 
2025-10-03 23:48:14 [debug] : [hosted-plugin: 12700] PLUGIN_HOST(12700): initializing(vitis-hls-pragma@0.6.0 with C:\Xilinx\Vitis\2024.1\ide\electron-app\win64\resources\app\node_modules\@theia\plugin-ext-vscode\lib\node\plugin-vscode-init) 
2025-10-03 23:48:14 [debug] : [hosted-plugin: 12700] PLUGIN_HOST(12700): initializing(cpp@1.52.1 with C:\Xilinx\Vitis\2024.1\ide\electron-app\win64\resources\app\node_modules\@theia\plugin-ext-vscode\lib\node\plugin-vscode-init) 
2025-10-03 23:48:14 [debug] : [hosted-plugin: 12700] PLUGIN_HOST(12700): initializing(github@1.62.3 with C:\Xilinx\Vitis\2024.1\ide\electron-app\win64\resources\app\node_modules\@theia\plugin-ext-vscode\lib\node\plugin-vscode-init) 
2025-10-03 23:48:14 [debug] : [hosted-plugin: 12700] PLUGIN_HOST(12700): initializing(github-authentication@1.62.3 with C:\Xilinx\Vitis\2024.1\ide\electron-app\win64\resources\app\node_modules\@theia\plugin-ext-vscode\lib\node\plugin-vscode-init) 
2025-10-03 23:48:14 [debug] : [hosted-plugin: 12700] PLUGIN_HOST(12700): initializing(json@1.52.1 with C:\Xilinx\Vitis\2024.1\ide\electron-app\win64\resources\app\node_modules\@theia\plugin-ext-vscode\lib\node\plugin-vscode-init) 
2025-10-03 23:48:14 [debug] : [hosted-plugin: 12700] PLUGIN_HOST(12700): initializing(json-language-features@1.52.1 with C:\Xilinx\Vitis\2024.1\ide\electron-app\win64\resources\app\node_modules\@theia\plugin-ext-vscode\lib\node\plugin-vscode-init) 
2025-10-03 23:48:14 [debug] : [hosted-plugin: 12700] PLUGIN_HOST(12700): initializing(vscode-clangd@0.1.15 with C:\Xilinx\Vitis\2024.1\ide\electron-app\win64\resources\app\node_modules\@theia\plugin-ext-vscode\lib\node\plugin-vscode-init) 
2025-10-03 23:48:14 [debug] : [hosted-plugin: 12700] PLUGIN_HOST(12700): initializing(material-icon-theme@4.11.0 with C:\Xilinx\Vitis\2024.1\ide\electron-app\win64\resources\app\node_modules\@theia\plugin-ext-vscode\lib\node\plugin-vscode-init) 
2025-10-03 23:48:14 [debug] : [hosted-plugin: 12700] PLUGIN_HOST(12700): initializing(debug@0.26.1 with C:\Xilinx\Vitis\2024.1\ide\electron-app\win64\resources\app\node_modules\@theia\plugin-ext-vscode\lib\node\plugin-vscode-init) 
2025-10-03 23:48:14 [debug] : [hosted-plugin: 12700] Debugger contribution has been registered: gdb 
2025-10-03 23:48:14 [debug] : [hosted-plugin: 12700] Debugger contribution has been registered: lldb-mi 
2025-10-03 23:48:14 [debug] : [hosted-plugin: 12700] Debugger contribution has been registered: mago-mi 
2025-10-03 23:48:14 [debug] : [hosted-plugin: 12700] PLUGIN_HOST(12700): initializing(git@1.62.3 with C:\Xilinx\Vitis\2024.1\ide\electron-app\win64\resources\app\node_modules\@theia\plugin-ext-vscode\lib\node\plugin-vscode-init) 
2025-10-03 23:48:14 [debug] : [hosted-plugin: 12700] PLUGIN_HOST(12700): initializing(make@1.79.0 with C:\Xilinx\Vitis\2024.1\ide\electron-app\win64\resources\app\node_modules\@theia\plugin-ext-vscode\lib\node\plugin-vscode-init) 
2025-10-03 23:48:14 [debug] : [hosted-plugin: 12700] Unsupported activation events: oncommand:gitlens.copyCurrentBranch, please open an issue: https://github.com/eclipse-theia/theia/issues/new 
2025-10-03 23:48:14 [debug] : [hosted-plugin: 12700] PLUGIN_HOST(12700): PluginManagerExtImpl/loadPlugin(C:\Xilinx\Vitis\2024.1\ide\electron-app\win64\resources\app\plugins\vscode.git\extension\dist\main) 
2025-10-03 23:48:15 [debug] : [hosted-plugin: 12700] PLUGIN_HOST(12700): PluginManagerExtImpl/loadPlugin(C:\Xilinx\Vitis\2024.1\ide\electron-app\win64\resources\app\plugins\vscode-builtin-github\extension\dist\extension.js) 
2025-10-03 23:48:15 [debug] : [hosted-plugin: 12700] PLUGIN_HOST(12700): PluginManagerExtImpl/loadPlugin(C:\Xilinx\Vitis\2024.1\ide\electron-app\win64\resources\app\plugins\vscode-builtin-json-language-features\extension\client\dist\node\jsonClientMain) 
2025-10-03 23:48:15 [debug] : [0da2b597-270f-4be4-b084-578e462b23b8][eamodio.gitlens]: Started plugin. 
2025-10-03 23:48:15 [debug] : [0da2b597-270f-4be4-b084-578e462b23b8][eclipse-cdt.serial-monitor]: Started plugin. 
2025-10-03 23:48:15 [debug] : [0da2b597-270f-4be4-b084-578e462b23b8][amd.tcf-debug]: Started plugin. 
2025-10-03 23:48:15 [debug] : [0da2b597-270f-4be4-b084-578e462b23b8][twxs.cmake]: Started plugin. 
2025-10-03 23:48:15 [debug] : [0da2b597-270f-4be4-b084-578e462b23b8][amd.vitis-config]: Started plugin. 
2025-10-03 23:48:15 [debug] : [0da2b597-270f-4be4-b084-578e462b23b8][amd.vitis-hls-l1-library]: Started plugin. 
2025-10-03 23:48:15 [debug] : [0da2b597-270f-4be4-b084-578e462b23b8][amd.vitis-hls-pragma]: Started plugin. 
2025-10-03 23:48:15 [debug] : [0da2b597-270f-4be4-b084-578e462b23b8][vscode.cpp]: Started plugin. 
2025-10-03 23:48:15 [debug] : [0da2b597-270f-4be4-b084-578e462b23b8][vscode.github]: Started plugin. 
2025-10-03 23:48:15 [debug] : [0da2b597-270f-4be4-b084-578e462b23b8][vscode.github-authentication]: Started plugin. 
2025-10-03 23:48:15 [debug] : [0da2b597-270f-4be4-b084-578e462b23b8][vscode.json]: Started plugin. 
2025-10-03 23:48:15 [debug] : [0da2b597-270f-4be4-b084-578e462b23b8][vscode.json-language-features]: Started plugin. 
2025-10-03 23:48:15 [debug] : [0da2b597-270f-4be4-b084-578e462b23b8][llvm-vs-code-extensions.vscode-clangd]: Started plugin. 
2025-10-03 23:48:15 [debug] : [0da2b597-270f-4be4-b084-578e462b23b8][pkief.material-icon-theme]: Started plugin. 
2025-10-03 23:48:15 [debug] : [0da2b597-270f-4be4-b084-578e462b23b8][webfreak.debug]: Started plugin. 
2025-10-03 23:48:15 [debug] : [0da2b597-270f-4be4-b084-578e462b23b8][vscode.git]: Started plugin. 
2025-10-03 23:48:15 [debug] : [0da2b597-270f-4be4-b084-578e462b23b8][vscode.make]: Started plugin. 
2025-10-03 23:48:15 [debug] : [hosted-plugin: 12700] PLUGIN_HOST(12700): PluginManagerExtImpl/loadPlugin(C:\Xilinx\Vitis\2024.1\ide\electron-app\win64\resources\app\plugins\vscode-material-icon-theme\extension\dist\extension) 
2025-10-03 23:48:15 [debug] : [hosted-plugin: 12700] PLUGIN_HOST(12700): PluginManagerExtImpl/loadPlugin(C:\Xilinx\Vitis\2024.1\ide\electron-app\win64\resources\app\plugins\eclipse-cdt.serial-monitor\extension\dist\desktop\extension.js) 
2025-10-03 23:48:15 [debug] : [hosted-plugin: 12700] PLUGIN_HOST(12700): PluginManagerExtImpl/loadPlugin(C:\Xilinx\Vitis\2024.1\ide\electron-app\win64\resources\app\plugins\eamodio-gitlens\extension\dist\gitlens) 
2025-10-03 23:48:16 [debug] : command 'gitlens.clearFileAnnotations' already registered 
2025-10-03 23:48:16 [debug] : command 'gitlens.computingFileAnnotations' already registered 
2025-10-03 23:48:16 [debug] : [0da2b597-270f-4be4-b084-578e462b23b8] Start of 17 plugins: 2415.8 ms [Finished 8.717 s after frontend start] 
2025-10-03 23:48:16 [debug] : [hosted-plugin: 12700] PLUGIN_HOST(12700): PluginManagerExtImpl/loadPlugin(C:\Xilinx\Vitis\2024.1\ide\electron-app\win64\resources\app\plugins\vscode-builtin-github-authentication\extension\dist\extension.js) 
2025-10-03 23:48:16 [debug] : An authentication provider with id 'github' was registered. 
2025-10-03 23:48:16 [debug] : Theia configuration directory file:///c:/Users/dashygo/.Xilinx/Vitis/2024.1/.vitisng' 
2025-10-03 23:48:16 [debug] : Theia configuration directory file:///c:/Users/dashygo/.Xilinx/Vitis/2024.1/.vitisng' 
2025-10-03 23:48:16 [debug] : Theia configuration directory file:///c:/Users/dashygo/.Xilinx/Vitis/2024.1/.vitisng' 
2025-10-03 23:48:16 [debug] : Theia configuration directory file:///c:/Users/dashygo/.Xilinx/Vitis/2024.1/.vitisng' 
2025-10-03 23:48:24 [debug] : Theia configuration directory file:///c:/Users/dashygo/.Xilinx/Vitis/2024.1/.vitisng' 
2025-10-03 23:48:24 [debug] : Theia configuration directory file:///c:/Users/dashygo/.Xilinx/Vitis/2024.1/.vitisng' 
2025-10-03 23:48:24 [debug] : Shutting down because of Reload request. 
2025-10-03 23:48:24 [debug] : Closing channel on service path '/services/commands'. 
2025-10-03 23:48:24 [debug] : Closing channel on service path '/services/keyboard'. 
2025-10-03 23:48:24 [debug] : Closing channel on service path '/services/logger'. 
2025-10-03 23:48:24 [debug] : Closing channel on service path '/services/messageService'. 
2025-10-03 23:48:24 [debug] : Closing channel on service path '/services/startup-workspace'. 
2025-10-03 23:48:24 [debug] : Closing channel on service path '/services/remote-filesystem'. 
2025-10-03 23:48:24 [debug] : Closing channel on service path '/services/envs'. 
2025-10-03 23:48:24 [debug] : Closing channel on service path '/services/workspace'. 
2025-10-03 23:48:24 [debug] : Closing channel on service path '/services/stopwatch'. 
2025-10-03 23:48:24 [debug] : Closing channel on service path '/services/application'. 
2025-10-03 23:48:24 [debug] : Closing channel on service path '/services/i18n'. 
2025-10-03 23:48:24 [debug] : Closing channel on service path '/services/hostedPlugin'. 
2025-10-03 23:48:24 [debug] : Closing channel on service path '/services/project'. 
2025-10-03 23:48:24 [debug] : Closing channel on service path '/services/rigel-workspace'. 
2025-10-03 23:48:24 [debug] : Closing channel on service path '/services/component'. 
2025-10-03 23:48:24 [debug] : Closing channel on service path '/services/debugger'. 
2025-10-03 23:48:24 [debug] : Closing channel on service path '/services/debug'. 
2025-10-03 23:48:24 [debug] : Closing channel on service path '/services/shell-terminal'. 
2025-10-03 23:48:24 [debug] : Closing channel on service path '/services/task'. 
2025-10-03 23:48:24 [debug] : a client has disconnected - removed from list: 
2025-10-03 23:48:24 [debug] : Closing channel on service path '/services/quickPick'. 
2025-10-03 23:48:24 [debug] : Closing channel on service path '/services/plugin-ext'. 
2025-10-03 23:48:24 [debug] : Closing channel on service path '/services/plugin-paths'. 
2025-10-03 23:48:24 [debug] : Closing channel on service path '/services/search'. 
2025-10-03 23:48:24 [debug] : Closing channel on service path '/services/vsx-environment'. 
2025-10-03 23:48:24 [debug] : Closing channel on service path '/services/request-service'. 
2025-10-03 23:48:24 [debug] : Closing channel on service path '/services/server'. 
2025-10-03 23:48:24 [debug] : Closing channel on service path '/services/feature-registry'. 
2025-10-03 23:48:24 [debug] : Closing channel on service path '/services/repository'. 
2025-10-03 23:48:24 [debug] : [Repository Server] Disposing objects in backend. 
2025-10-03 23:48:24 [debug] : Closing channel on service path '/services/rigel-utils'. 
2025-10-03 23:48:24 [debug] : [Rigel Utils Server] Disposing objects in backend. 
2025-10-03 23:48:24 [debug] : Closing channel on service path '/services/program_flash'. 
2025-10-03 23:48:24 [debug] : [Program Flash Server] Disposing objects in backend. 
2025-10-03 23:48:24 [debug] : Closing channel on service path '/services/build'. 
2025-10-03 23:48:24 [debug] : [Build Server] Disposing objects in backend. 
2025-10-03 23:48:24 [debug] : Closing channel on service path 'services/rigel-backend-helper'. 
2025-10-03 23:48:24 [debug] : Closing channel on service path '/services/aie'. 
2025-10-03 23:48:24 [debug] : [AIE Server] Disposing objects in backend. 
2025-10-03 23:48:24 [debug] : Closing channel on service path '/services/analysis'. 
2025-10-03 23:48:24 [debug] : Closing channel on service path '/services/notification'. 
2025-10-03 23:48:24 [debug] : Closing channel on service path '/services/recent-summaries'. 
2025-10-03 23:48:24 [debug] : Closing channel on service path '/services/platform'. 
2025-10-03 23:48:24 [debug] : Closing channel on service path '/services/hls/l1library/service'. 
2025-10-03 23:48:24 [debug] : Closing channel on service path '/services/elf-reader'. 
2025-10-03 23:48:24 [debug] : [Elf Reader Server] Disposing objects in backend. 
2025-10-03 23:48:24 [debug] : Closing channel on service path '/services/rigel_explorer'. 
2025-10-03 23:48:24 [debug] : Closing channel on service path '/services/linker-script'. 
2025-10-03 23:48:24 [debug] : Closing channel on service path '/services/rigel-logger'. 
2025-10-03 23:48:24 [debug] : [Logger Server] Disposing objects in backend. 
2025-10-03 23:48:24 [debug] : Closing channel on service path '/services/vitis-hls'. 
2025-10-03 23:48:24 [debug] : Closing channel on service path '/services/device'. 
2025-10-03 23:48:24 [debug] : Closing channel on service path '/services/vcxx'. 
2025-10-03 23:48:24 [debug] : [Rigel Vcxx Server] Disposing objects in backend. 
2025-10-03 23:48:24 [debug] : Closing channel on service path '/services/hls/common/file/service'. 
2025-10-03 23:48:24 [debug] : Closing channel on service path '/services/flow_navigator'. 
2025-10-03 23:48:24 [debug] : Closing channel on service path '/services/hls/common/data/info'. 
2025-10-03 23:48:24 [debug] : Closing channel on service path '/services/hls/dataflow/info'. 
2025-10-03 23:48:24 [debug] : Closing channel on service path '/services/hls/directive'. 
2025-10-03 23:48:24 [debug] : Closing channel on service path '/services/hls_flow'. 
2025-10-03 23:48:24 [debug] : [Hls Flow Server] Disposing objects in backend. 
2025-10-03 23:48:24 [debug] : Closing channel on service path '/services/mini-browser-service'. 
2025-10-03 23:48:24 [debug] : Closing channel on service path '/services/project-utils'. 
2025-10-03 23:48:24 [debug] : Closing channel on service path '/services/bootgen'. 
2025-10-03 23:48:24 [debug] : Closing channel on service path '/services/hls/report'. 
2025-10-03 23:48:24 [debug] : Closing channel on service path '/services/hls/wave/open'. 
2025-10-03 23:48:24 [debug] : Closing channel on service path '/services/search-in-workspace'. 
2025-10-03 23:48:24 [debug] : Closing channel on service path '/services/report-model'. 
2025-10-03 23:48:24 [debug] : Closing channel on service path '/services/keytar'. 
2025-10-03 23:48:24 [debug] : Uncaught Exception:  {"0":"Error: spawn wmic.exe ENOENT"}
2025-10-03 23:48:24 [debug] : Error: spawn wmic.exe ENOENT
    at Process.ChildProcess._handle.onexit (node:internal/child_process:282:19)
    at onErrorNT (node:internal/child_process:480:16)
    at processTicksAndRejections (node:internal/process/task_queues:83:21) 
2025-10-03 23:48:24 [debug] : Uncaught Exception:  {"0":"TypeError: Cannot read properties of undefined (reading 'forEach')"}
2025-10-03 23:48:24 [debug] : TypeError: Cannot read properties of undefined (reading 'forEach')
    at Stream.<anonymous> (C:\Xilinx\Vitis\2024.1\ide\electron-app\win64\resources\app\node_modules\@theia\plugin-ext\lib\hosted\node\hosted-plugin-process.js:96:28)
    at Stream.emit (node:events:394:28)
    at Stream.onerror (C:\Xilinx\Vitis\2024.1\ide\electron-app\win64\resources\app\node_modules\stream-combiner\index.js:29:18)
    at Stream.emit (node:events:406:35)
    at next (C:\Xilinx\Vitis\2024.1\ide\electron-app\win64\resources\app\node_modules\map-stream\index.js:75:19)
    at Stream.stream.write (C:\Xilinx\Vitis\2024.1\ide\electron-app\win64\resources\app\node_modules\map-stream\index.js:104:7)
    at Stream.ondata (node:internal/streams/legacy:20:31)
    at Stream.emit (node:events:394:28)
    at drain (C:\Xilinx\Vitis\2024.1\ide\electron-app\win64\resources\app\node_modules\through\index.js:36:16)
    at Stream.stream.queue.stream.push (C:\Xilinx\Vitis\2024.1\ide\electron-app\win64\resources\app\node_modules\through\index.js:45:5)
    at emit (C:\Xilinx\Vitis\2024.1\ide\electron-app\win64\resources\app\node_modules\split\index.js:36:14)
    at Stream.<anonymous> (C:\Xilinx\Vitis\2024.1\ide\electron-app\win64\resources\app\node_modules\split\index.js:59:7)
    at _end (C:\Xilinx\Vitis\2024.1\ide\electron-app\win64\resources\app\node_modules\through\index.js:65:9)
    at Stream.stream.end (C:\Xilinx\Vitis\2024.1\ide\electron-app\win64\resources\app\node_modules\through\index.js:74:5)
    at Socket.onend (node:internal/streams/readable:688:10)
    at Object.onceWrapper (node:events:513:28) 
2025-10-03 23:48:27 [debug] : Opening channel for service path '/services/commands'. 
2025-10-03 23:48:27 [debug] : Opening channel for service path '/services/keyboard'. 
2025-10-03 23:48:27 [debug] : Opening channel for service path '/services/logger'. 
2025-10-03 23:48:27 [debug] : Opening channel for service path '/services/messageService'. 
2025-10-03 23:48:27 [debug] : Opening channel for service path '/services/startup-workspace'. 
2025-10-03 23:48:27 [debug] : Opening channel for service path '/services/remote-filesystem'. 
2025-10-03 23:48:27 [debug] : Opening channel for service path '/services/envs'. 
2025-10-03 23:48:27 [debug] : Opening channel for service path '/services/workspace'. 
2025-10-03 23:48:27 [debug] : Opening channel for service path '/services/stopwatch'. 
2025-10-03 23:48:27 [debug] : Opening channel for service path '/services/application'. 
2025-10-03 23:48:27 [debug] : Opening channel for service path '/services/i18n'. 
2025-10-03 23:48:27 [debug] : Opening channel for service path '/services/hostedPlugin'. 
2025-10-03 23:48:27 [debug] : Opening channel for service path '/services/project'. 
2025-10-03 23:48:27 [debug] : [Workspace Server] Connection established from backend to the frontend client. 
2025-10-03 23:48:27 [debug] : Opening channel for service path '/services/rigel-workspace'. 
2025-10-03 23:48:27 [debug] : Opening channel for service path '/services/component'. 
2025-10-03 23:48:27 [debug] : [Debugger Server] Connection established from backend to the frontend client. 
2025-10-03 23:48:27 [debug] : Opening channel for service path '/services/debugger'. 
2025-10-03 23:48:27 [debug] : Opening channel for service path '/services/debug'. 
2025-10-03 23:48:27 [debug] : Opening channel for service path '/services/shell-terminal'. 
2025-10-03 23:48:27 [debug] : a client has connected - adding it to the list: 
2025-10-03 23:48:27 [debug] : Opening channel for service path '/services/task'. 
2025-10-03 23:48:27 [debug] : Opening channel for service path '/services/quickPick'. 
2025-10-03 23:48:27 [debug] : Opening channel for service path '/services/plugin-ext'. 
2025-10-03 23:48:27 [debug] : Opening channel for service path '/services/plugin-paths'. 
2025-10-03 23:48:27 [debug] : Opening channel for service path '/services/search'. 
2025-10-03 23:48:27 [debug] : Opening channel for service path '/services/vsx-environment'. 
2025-10-03 23:48:27 [debug] : Opening channel for service path '/services/request-service'. 
2025-10-03 23:48:27 [debug] : Opening channel for service path '/services/server'. 
2025-10-03 23:48:27 [debug] : Opening channel for service path '/services/feature-registry'. 
2025-10-03 23:48:27 [debug] : [Repository Server] Connection established from backend to the frontend client. 
2025-10-03 23:48:27 [debug] : Opening channel for service path '/services/repository'. 
2025-10-03 23:48:27 [debug] : [Rigel Utils Server] Connection established from backend to the frontend client. 
2025-10-03 23:48:27 [debug] : Opening channel for service path '/services/rigel-utils'. 
2025-10-03 23:48:27 [debug] : [Program Flash Server] Connection established from backend to the frontend client. 
2025-10-03 23:48:27 [debug] : Opening channel for service path '/services/program_flash'. 
2025-10-03 23:48:27 [debug] : [Build Server] Connection established from backend to the frontend client. 
2025-10-03 23:48:27 [debug] : Opening channel for service path '/services/build'. 
2025-10-03 23:48:27 [debug] : Opening channel for service path 'services/rigel-backend-helper'. 
2025-10-03 23:48:27 [debug] : [AIE Server] Connection established from backend to the frontend client. 
2025-10-03 23:48:27 [debug] : Opening channel for service path '/services/aie'. 
2025-10-03 23:48:27 [debug] : Opening channel for service path '/services/analysis'. 
2025-10-03 23:48:27 [debug] : Opening channel for service path '/services/notification'. 
2025-10-03 23:48:27 [debug] : Opening channel for service path '/services/recent-summaries'. 
2025-10-03 23:48:27 [debug] : [Platform Server] Connection established from backend to the frontend client. 
2025-10-03 23:48:27 [debug] : Opening channel for service path '/services/platform'. 
2025-10-03 23:48:27 [debug] : Opening channel for service path '/services/hls/l1library/service'. 
2025-10-03 23:48:27 [debug] : [Elf Reader Server] Connection established from backend to the frontend client. 
2025-10-03 23:48:27 [debug] : Opening channel for service path '/services/elf-reader'. 
2025-10-03 23:48:27 [debug] : Opening channel for service path '/services/rigel_explorer'. 
2025-10-03 23:48:27 [debug] : Opening channel for service path '/services/linker-script'. 
2025-10-03 23:48:27 [debug] : [Logger Server] Connection established from backend to the frontend client. 
2025-10-03 23:48:27 [debug] : Opening channel for service path '/services/rigel-logger'. 
2025-10-03 23:48:27 [debug] : Opening channel for service path '/services/vitis-hls'. 
2025-10-03 23:48:27 [debug] : Opening channel for service path '/services/device'. 
2025-10-03 23:48:27 [debug] : [Rigel Vcxx Server] Connection established from backend to the frontend client. 
2025-10-03 23:48:27 [debug] : Opening channel for service path '/services/vcxx'. 
2025-10-03 23:48:27 [debug] : Opening channel for service path '/services/hls/common/file/service'. 
2025-10-03 23:48:27 [debug] : Opening channel for service path '/services/flow_navigator'. 
2025-10-03 23:48:27 [debug] : Opening channel for service path '/services/hls/common/data/info'. 
2025-10-03 23:48:27 [debug] : Opening channel for service path '/services/hls/dataflow/info'. 
2025-10-03 23:48:27 [debug] : Opening channel for service path '/services/hls/directive'. 
2025-10-03 23:48:27 [debug] : [Hls Flow Server] Connection established from backend to the frontend client. 
2025-10-03 23:48:27 [debug] : Opening channel for service path '/services/hls_flow'. 
2025-10-03 23:48:27 [debug] : Opening channel for service path '/services/mini-browser-service'. 
2025-10-03 23:48:27 [debug] : [Workspace Server] Initializing the frontend client. 
2025-10-03 23:48:27 [debug] : [Debugger Server] Initializing the frontend client. 
2025-10-03 23:48:27 [debug] : [Repository Server] Initializing the frontend client. 
2025-10-03 23:48:27 [debug] : [Rigel Utils Server] Initializing the frontend client. 
2025-10-03 23:48:27 [debug] : [Logger Server] Initializing the frontend client. 
2025-10-03 23:48:27 [debug] : [Rigel Vcxx Server] Initializing the frontend client. 
2025-10-03 23:48:27 [debug] : [Hls Flow Server] Initializing the frontend client. 
2025-10-03 23:48:27 [debug] : Theia configuration directory file:///c:/Users/dashygo/.Xilinx/Vitis/2024.1/.vitisng' 
2025-10-03 23:48:27 [debug] : Theia configuration directory file:///c:/Users/dashygo/.Xilinx/Vitis/2024.1/.vitisng' 
2025-10-03 23:48:27 [debug] : getTasks(): about to return task information for 0 tasks 
2025-10-03 23:48:27 [debug] : [Repository Server] Executing method:listAppRepos with connection:(object). {"0":"request:","1":{"wrappers_":null,"arrayIndexOffset_":-1,"array":[],"pivot_":1.7976931348623157e+308,"convertedPrimitiveFields_":{}}}
2025-10-03 23:48:27 [debug] : [Repository Server] Executing method:listAppRepos with connection:(object). {"0":"request:","1":{"wrappers_":null,"arrayIndexOffset_":-1,"array":[],"pivot_":1.7976931348623157e+308,"convertedPrimitiveFields_":{}}}
2025-10-03 23:48:27 [debug] : [Repository Server] Executing method:listAppRepos with connection:(object). {"0":"request:","1":{"wrappers_":null,"arrayIndexOffset_":-1,"array":[],"pivot_":1.7976931348623157e+308,"convertedPrimitiveFields_":{}}}
2025-10-03 23:48:27 [debug] : [Repository Server] Executing method:listAieExampleRepos with connection:(object). {"0":"request:","1":{"wrappers_":null,"arrayIndexOffset_":-1,"array":[],"pivot_":1.7976931348623157e+308,"convertedPrimitiveFields_":{}}}
2025-10-03 23:48:27 [debug] : [Repository Server] Executing method:listHlsExampleRepos with connection:(object). {"0":"request:","1":{"wrappers_":null,"arrayIndexOffset_":-1,"array":[],"pivot_":1.7976931348623157e+308,"convertedPrimitiveFields_":{}}}
2025-10-03 23:48:27 [debug] : [Repository Server] Executing method:getEmbeddedExampleTemplateTree with connection:(object). {"0":"request:","1":{"wrappers_":null,"arrayIndexOffset_":-1,"array":[],"pivot_":1.7976931348623157e+308,"convertedPrimitiveFields_":{}}}
2025-10-03 23:48:27 [debug] : [Rigel Vcxx Server] Executing method:vcxx.hasVcxx with connection:(object). {"0":"request:"}
2025-10-03 23:48:27 [debug] : [Repository Service] Executing method:listAppRepos from frontend. {"0":"request:"}
2025-10-03 23:48:27 [debug] : Frontend l.initialize: 1.1 ms [Finished 2.114 s after frontend start] 
2025-10-03 23:48:27 [debug] : Frontend m.initialize: 0.8 ms [Finished 2.115 s after frontend start] 
2025-10-03 23:48:27 [debug] : Frontend m.initialize: 0.0 ms [Finished 2.115 s after frontend start] 
2025-10-03 23:48:27 [debug] : Frontend n.initialize: 0.0 ms [Finished 2.115 s after frontend start] 
2025-10-03 23:48:27 [debug] : Frontend Object.initialize: 0.0 ms [Finished 2.116 s after frontend start] 
2025-10-03 23:48:27 [debug] : Frontend v.initialize: 0.0 ms [Finished 2.116 s after frontend start] 
2025-10-03 23:48:27 [debug] : [Repository Server] Executed method:listAppRepos. {"0":"result:","1":[{"id":"vitis_examples","name":"Vitis Accel Examples Repository","description":"This repository contains examples to showcase various features of the Vitis tools and platforms. The examples illustrate specific scenarios related to host code and kernel programming through small working examples.","installDirectory":"C:/Xilinx/Vitis/2024.1/vitis_examples","localDirectory":"C:/Users/dashygo/.Xilinx/Vitis/2024.1/vitis_examples","gitUrl":"https://github.com/Xilinx/Vitis_Accel_Examples.git","gitBranch":"2024.1","gitSubfoldersList":[],"type":2},{"id":"installed_examples","name":"Installed Examples Repository","description":"This repository contains some simple examples.","installDirectory":"C:/Xilinx/Vitis/2024.1/installed_examples","localDirectory":"C:/Xilinx/Vitis/2024.1/samples","gitUrl":"","gitBranch":"","gitSubfoldersList":[],"type":2},{"id":"vitis_libraries","name":"Vitis Accelerated Libraries Repository","description":"The Vitis software development platform includes an extensive set of open-source, performance-optimized libraries that offer out-of-the-box acceleration with minimal to zero-code changes to your existing applications.","installDirectory":"C:/Xilinx/Vitis/2024.1/vitis_libraries","localDirectory":"C:/Users/dashygo/.Xilinx/Vitis/2024.1/vitis_libraries","gitUrl":"https://github.com/Xilinx/Vitis_Libraries.git","gitBranch":"2024.1","gitSubfoldersList":["blas","codec","data_analytics","data_compression","data_mover","database","dsp","graph","hpc","motor_control","quantitative_finance","security","solver","sparse","ultrasound","utils","vision"],"type":1}]}
2025-10-03 23:48:27 [debug] : [Rigel Vcxx Server] Executed method:vcxx.hasVcxx. {"0":"result:","1":{"wrappers_":null,"arrayIndexOffset_":-1,"array":[true],"pivot_":1.7976931348623157e+308,"convertedPrimitiveFields_":{}}}
2025-10-03 23:48:27 [debug] : [Repository Server] Executed method:listAppRepos. {"0":"result:","1":[{"id":"vitis_examples","name":"Vitis Accel Examples Repository","description":"This repository contains examples to showcase various features of the Vitis tools and platforms. The examples illustrate specific scenarios related to host code and kernel programming through small working examples.","installDirectory":"C:/Xilinx/Vitis/2024.1/vitis_examples","localDirectory":"C:/Users/dashygo/.Xilinx/Vitis/2024.1/vitis_examples","gitUrl":"https://github.com/Xilinx/Vitis_Accel_Examples.git","gitBranch":"2024.1","gitSubfoldersList":[],"type":2},{"id":"installed_examples","name":"Installed Examples Repository","description":"This repository contains some simple examples.","installDirectory":"C:/Xilinx/Vitis/2024.1/installed_examples","localDirectory":"C:/Xilinx/Vitis/2024.1/samples","gitUrl":"","gitBranch":"","gitSubfoldersList":[],"type":2},{"id":"vitis_libraries","name":"Vitis Accelerated Libraries Repository","description":"The Vitis software development platform includes an extensive set of open-source, performance-optimized libraries that offer out-of-the-box acceleration with minimal to zero-code changes to your existing applications.","installDirectory":"C:/Xilinx/Vitis/2024.1/vitis_libraries","localDirectory":"C:/Users/dashygo/.Xilinx/Vitis/2024.1/vitis_libraries","gitUrl":"https://github.com/Xilinx/Vitis_Libraries.git","gitBranch":"2024.1","gitSubfoldersList":["blas","codec","data_analytics","data_compression","data_mover","database","dsp","graph","hpc","motor_control","quantitative_finance","security","solver","sparse","ultrasound","utils","vision"],"type":1}]}
2025-10-03 23:48:27 [debug] : [Repository Server] Executed method:listAppRepos. {"0":"result:","1":[{"id":"vitis_examples","name":"Vitis Accel Examples Repository","description":"This repository contains examples to showcase various features of the Vitis tools and platforms. The examples illustrate specific scenarios related to host code and kernel programming through small working examples.","installDirectory":"C:/Xilinx/Vitis/2024.1/vitis_examples","localDirectory":"C:/Users/dashygo/.Xilinx/Vitis/2024.1/vitis_examples","gitUrl":"https://github.com/Xilinx/Vitis_Accel_Examples.git","gitBranch":"2024.1","gitSubfoldersList":[],"type":2},{"id":"installed_examples","name":"Installed Examples Repository","description":"This repository contains some simple examples.","installDirectory":"C:/Xilinx/Vitis/2024.1/installed_examples","localDirectory":"C:/Xilinx/Vitis/2024.1/samples","gitUrl":"","gitBranch":"","gitSubfoldersList":[],"type":2},{"id":"vitis_libraries","name":"Vitis Accelerated Libraries Repository","description":"The Vitis software development platform includes an extensive set of open-source, performance-optimized libraries that offer out-of-the-box acceleration with minimal to zero-code changes to your existing applications.","installDirectory":"C:/Xilinx/Vitis/2024.1/vitis_libraries","localDirectory":"C:/Users/dashygo/.Xilinx/Vitis/2024.1/vitis_libraries","gitUrl":"https://github.com/Xilinx/Vitis_Libraries.git","gitBranch":"2024.1","gitSubfoldersList":["blas","codec","data_analytics","data_compression","data_mover","database","dsp","graph","hpc","motor_control","quantitative_finance","security","solver","sparse","ultrasound","utils","vision"],"type":1}]}
2025-10-03 23:48:27 [debug] : [Repository Server] Executed method:listAieExampleRepos. {"0":"result:","1":[{"id":"installed_aie_examples","name":"Installed AI Engine Examples","description":"This repository contains some simple AI Engine examples.","installDirectory":"C:/Xilinx/Vitis/2024.1/installed_aie_examples","localDirectory":"C:/Xilinx/Vitis/2024.1/samples","gitUrl":"","gitBranch":"","gitSubfoldersList":[],"type":3},{"id":"vitis_libraries","name":"Vitis Accelerated Libraries Repository","description":"The Vitis software development platform includes an extensive set of open-source, performance-optimized libraries that offer out-of-the-box acceleration with minimal to zero-code changes to your existing applications.","installDirectory":"C:/Xilinx/Vitis/2024.1/vitis_libraries","localDirectory":"C:/Users/dashygo/.Xilinx/Vitis/2024.1/vitis_libraries","gitUrl":"https://github.com/Xilinx/Vitis_Libraries.git","gitBranch":"2024.1","gitSubfoldersList":["blas","codec","data_analytics","data_compression","data_mover","database","dsp","graph","hpc","motor_control","quantitative_finance","security","solver","sparse","ultrasound","utils","vision"],"type":1}]}
2025-10-03 23:48:27 [debug] : [Repository Server] Executed method:listHlsExampleRepos. {"0":"result:","1":[{"id":"vitis_hls_examples","name":"Vitis HLS Introductory Examples","description":"Basic examples for Vitis HLS.","installDirectory":"C:/Xilinx/Vitis/2024.1/vitis_hls_examples","localDirectory":"C:/Users/dashygo/.Xilinx/Vitis/2024.1/vitis_hls_examples","gitUrl":"https://github.com/Xilinx/Vitis-HLS-Introductory-Examples.git","gitBranch":"2024.1","gitSubfoldersList":[],"type":4},{"id":"vitis_libraries","name":"Vitis Accelerated Libraries Repository","description":"The Vitis software development platform includes an extensive set of open-source, performance-optimized libraries that offer out-of-the-box acceleration with minimal to zero-code changes to your existing applications.","installDirectory":"C:/Xilinx/Vitis/2024.1/vitis_libraries","localDirectory":"C:/Users/dashygo/.Xilinx/Vitis/2024.1/vitis_libraries","gitUrl":"https://github.com/Xilinx/Vitis_Libraries.git","gitBranch":"2024.1","gitSubfoldersList":["blas","codec","data_analytics","data_compression","data_mover","database","dsp","graph","hpc","motor_control","quantitative_finance","security","solver","sparse","ultrasound","utils","vision"],"type":1}]}
2025-10-03 23:48:27 [debug] : RIGEL SERVER 23:48:27 INFO  : cmd.exe, /C, C:\Xilinx\Vitis\2024.1\tps\win64\lopper-1.1.0\env\Scripts\activate.bat && python C:\Xilinx\Vitis\2024.1\data\embeddedsw\scripts\pyesw\\repo.py -st   C:\Xilinx\Vitis\2024.1\data\embeddedsw && C:\Xilinx\Vitis\2024.1\tps\win64\lopper-1.1.0\env\Scripts\deactivate.bat 
2025-10-03 23:48:27 [debug] : Frontend d.initialize: 0.1 ms [Finished 2.116 s after frontend start] 
2025-10-03 23:48:27 [debug] : Frontend x.initialize: 0.0 ms [Finished 2.116 s after frontend start] 
2025-10-03 23:48:27 [debug] : Frontend f.initialize: 0.0 ms [Finished 2.116 s after frontend start] 
2025-10-03 23:48:27 [debug] : Frontend C.initialize: 7.7 ms [Finished 2.124 s after frontend start] 
2025-10-03 23:48:27 [debug] : Frontend h.initialize: 0.0 ms [Finished 2.124 s after frontend start] 
2025-10-03 23:48:27 [debug] : Frontend h.initialize: 0.0 ms [Finished 2.124 s after frontend start] 
2025-10-03 23:48:27 [debug] : Frontend w.initialize: 0.0 ms [Finished 2.124 s after frontend start] 
2025-10-03 23:48:27 [debug] : Frontend n.initialize: 0.0 ms [Finished 2.124 s after frontend start] 
2025-10-03 23:48:27 [debug] : Frontend n.initialize: 0.1 ms [Finished 2.124 s after frontend start] 
2025-10-03 23:48:27 [debug] : [Program Flash Output] Adding listeners to program flash service. 
2025-10-03 23:48:27 [debug] : Frontend S.initialize: 0.7 ms [Finished 2.125 s after frontend start] 
2025-10-03 23:48:27 [debug] : [Program Device Output] Adding listeners to program device service. 
2025-10-03 23:48:27 [debug] : Frontend w.initialize: 0.1 ms [Finished 2.125 s after frontend start] 
2025-10-03 23:48:27 [debug] : [Build Output] Adding listeners to build service. 
2025-10-03 23:48:27 [debug] : Frontend N.initialize: 0.1 ms [Finished 2.125 s after frontend start] 
2025-10-03 23:48:27 [debug] : [Launch Menu] Adding listeners to manage launch session. 
2025-10-03 23:48:27 [debug] : [Debug Manager] A debug session listener is registered to receive launch events. 
2025-10-03 23:48:27 [debug] : Frontend H.initialize: 0.1 ms [Finished 2.125 s after frontend start] 
2025-10-03 23:48:27 [debug] : Frontend h.initialize: 0.0 ms [Finished 2.125 s after frontend start] 
2025-10-03 23:48:27 [debug] : Frontend p.initialize: 0.0 ms [Finished 2.125 s after frontend start] 
2025-10-03 23:48:27 [debug] : Frontend h.initialize: 0.1 ms [Finished 2.125 s after frontend start] 
2025-10-03 23:48:27 [debug] : Adding listeners to preference service. 
2025-10-03 23:48:27 [debug] : Frontend h.initialize: 0.0 ms [Finished 2.125 s after frontend start] 
2025-10-03 23:48:27 [debug] : [Platform Output] Adding listeners to build service. 
2025-10-03 23:48:27 [debug] : Frontend P.initialize: 0.1 ms [Finished 2.125 s after frontend start] 
2025-10-03 23:48:27 [debug] : Frontend h.initialize: 6.2 ms [Finished 2.132 s after frontend start] 
2025-10-03 23:48:27 [debug] : [Build Output] Adding listeners to build service. 
2025-10-03 23:48:27 [debug] : Frontend m.initialize: 0.1 ms [Finished 2.132 s after frontend start] 
2025-10-03 23:48:27 [debug] : [HLS Output] Adding listeners to HLS service. 
2025-10-03 23:48:27 [debug] : Frontend m.initialize: 0.1 ms [Finished 2.132 s after frontend start] 
2025-10-03 23:48:27 [debug] : Frontend h.initialize: 0.0 ms [Finished 2.132 s after frontend start] 
2025-10-03 23:48:27 [debug] : [Program Flash Client]  {"0":"Initializaton completed and program flash service is ready in the frontend to receive program flash logs."}
2025-10-03 23:48:27 [debug] : [Build Client] Initializaton completed and build service is ready in the frontend to receive build logs. 
2025-10-03 23:48:27 [debug] : [AIE Client] Initializaton completed and build service is ready in the frontend to receive build logs. 
2025-10-03 23:48:27 [debug] : Initializaton completed and build service is ready in the frontend to receive build logs. 
2025-10-03 23:48:27 [debug] : [Elf Reader Client] Initializaton completed. 
2025-10-03 23:48:27 [debug] : [Workspace Client] Initializaton completed. 
2025-10-03 23:48:27 [debug] : [Debugger Client] Initializaton completed. 
2025-10-03 23:48:27 [debug] : [Repository Client] Initializaton completed. 
2025-10-03 23:48:27 [debug] : [Repository Client] Ready to accept calls from the UI widgets. 
2025-10-03 23:48:27 [debug] : [Application Examples Provider]  updating the model on initialization. 
2025-10-03 23:48:27 [debug] : [Application Examples Provider] refresh requested. 
2025-10-03 23:48:27 [debug] : [Application Examples Provider] refresh requested. 
2025-10-03 23:48:27 [debug] : [Application Examples Provider] refresh requested. 
2025-10-03 23:48:27 [debug] : [Application Examples Provider] refresh requested. 
2025-10-03 23:48:27 [debug] : [Repository Service] Executing method:listAppRepos from frontend. {"0":"request:"}
2025-10-03 23:48:27 [debug] : [Application Examples Provider] common calling method requested. 
2025-10-03 23:48:27 [debug] : [Application Examples Provider] Repositories model update requested. 
2025-10-03 23:48:27 [debug] : [Repository Service] Executing method:listAppRepos from frontend. {"0":"request:"}
2025-10-03 23:48:27 [debug] : [Application Examples Provider] common calling method requested. 
2025-10-03 23:48:27 [debug] : [Application Examples Provider] Repositories model update requested. 
2025-10-03 23:48:27 [debug] : [Repository Service] Executing method:listAieExampleRepos from frontend. {"0":"request:"}
2025-10-03 23:48:27 [debug] : [Application Examples Provider] common calling method requested. 
2025-10-03 23:48:27 [debug] : [Application Examples Provider] Repositories model update requested. 
2025-10-03 23:48:27 [debug] : [Repository Service] Executing method:listHlsExampleRepos from frontend. {"0":"request:"}
2025-10-03 23:48:27 [debug] : [Application Examples Provider] common calling method requested. 
2025-10-03 23:48:27 [debug] : [Application Examples Provider] Repositories model update requested. 
2025-10-03 23:48:27 [debug] : [Application Examples Provider] Repositories model update completed. 
2025-10-03 23:48:27 [debug] : [Application Examples Provider] Templates model update requested. 
2025-10-03 23:48:27 [debug] : [Repository Service] Executing method:getEmbeddedExampleTemplateTree from frontend. {"0":"request:"}
2025-10-03 23:48:27 [debug] : [Rigel Utils Client] Initializaton completed. 
2025-10-03 23:48:27 [debug] : [Logger Client] Initializaton completed. 
2025-10-03 23:48:27 [debug] : [Rigel vcxx Client] Initializaton completed. 
2025-10-03 23:48:27 [debug] : [HLS Flow Client] Initialization completed. 
2025-10-03 23:48:27 [debug] : Theia configuration directory file:///c:/Users/dashygo/.Xilinx/Vitis/2024.1/.vitisng' 
2025-10-03 23:48:27 [debug] : Frontend J.configure took longer than the expected maximum 100 milliseconds: 530.1 ms [Finished 2.662 s after frontend start] 
2025-10-03 23:48:27 [debug] : Frontend n.configure: 0.4 ms [Finished 2.663 s after frontend start] 
2025-10-03 23:48:27 [debug] : RIGEL SERVER 23:48:27 ERROR : Failed to launch command : cmd.exe /C C:\Xilinx\Vitis\2024.1\tps\win64\lopper-1.1.0\env\Scripts\activate.bat && python C:\Xilinx\Vitis\2024.1\data\embeddedsw\scripts\pyesw\\repo.py -st   C:\Xilinx\Vitis\2024.1\data\embeddedsw && C:\Xilinx\Vitis\2024.1\tps\win64\lopper-1.1.0\env\Scripts\deactivate.bat
java.io.IOException: Cannot run program "cmd.exe" (in directory "Y:\.wsdata"): CreateProcess error=267, 
	at java.lang.ProcessBuilder.start(ProcessBuilder.java:1128) ~[?:?]
	at java.lang.ProcessBuilder.start(ProcessBuilder.java:1071) ~[?:?]
	at com.xilinx.rigel.util.ProcessInvokeHelperRaw.invokeProcess(ProcessInvokeHelperRaw.java:95) [rigel_server-1.0.0-161.jar:?]
	at com.xilinx.rigel.util.ProcessInvokeHelper.invokeProcess(ProcessInvokeHelper.java:51) [rigel_server-1.0.0-161.jar:?]
	at com.xilinx.rigel.services.platform.AbstractPlatformUtils.executeCommand(AbstractPlatformUtils.java:83) [rigel_server-1.0.0-161.jar:?]
	at com.xilinx.rigel.services.platform.PlatformServiceUtils.createEmbeddedRepo(PlatformServiceUtils.java:1037) [rigel_server-1.0.0-161.jar:?]
	at com.xilinx.rigel.services.platform.PlatformServiceUtils.generateEmbeddedRepo(PlatformServiceUtils.java:1137) [rigel_server-1.0.0-161.jar:?]
	at com.xilinx.rigel.services.platform.PlatformServiceUtils.getEmbeddedRepoFile(PlatformServiceUtils.java:1057) [rigel_server-1.0.0-161.jar:?]
	at com.xilinx.rigel.services.platform.PlatformServiceUtils.getEmbeddedTemplates(PlatformServiceUtils.java:2912) [rigel_server-1.0.0-161.jar:?]
	at com.xilinx.rigel.frameworks.repo.component.EmbeddedTemplateProvider.loadBaremetalTemplates(EmbeddedTemplateProvider.java:52) [rigel_server-1.0.0-161.jar:?]
	at com.xilinx.rigel.frameworks.repo.component.EmbeddedTemplateProvider.loadEmbeddedTemplates(EmbeddedTemplateProvider.java:43) [rigel_server-1.0.0-161.jar:?]
	at com.xilinx.rigel.services.repository.RepositoryService.getEmbeddedExampleTemplateTree(RepositoryService.java:389) [rigel_server-1.0.0-161.jar:?]
	at com.xilinx.rigel.services.repository.RepositoryServiceGrpc$MethodHandlers.invoke(RepositoryServiceGrpc.java:2356) [rigel_server-1.0.0-161.jar:?]
	at io.grpc.stub.ServerCalls$UnaryServerCallHandler$UnaryServerCallListener.onHalfClose(ServerCalls.java:182) [grpc-stub-1.37.0.jar:1.37.0]
	at io.grpc.internal.ServerCallImpl$ServerStreamListenerImpl.halfClosed(ServerCallImpl.java:331) [grpc-core-1.37.0.jar:1.37.0]
	at io.grpc.internal.ServerImpl$JumpToApplicationThreadServerStreamListener$1HalfClosed.runInContext(ServerImpl.java:797) [grpc-core-1.37.0.jar:1.37.0]
	at io.grpc.internal.ContextRunnable.run(ContextRunnable.java:37) [grpc-core-1.37.0.jar:1.37.0]
	at io.grpc.internal.SerializingExecutor.run(SerializingExecutor.java:123) [grpc-core-1.37.0.jar:1.37.0]
	at java.util.concurrent.ThreadPoolExecutor.runWorker(ThreadPoolExecutor.java:1128) [?:?]
	at java.util.concurrent.ThreadPoolExecutor$Worker.run(ThreadPoolExecutor.java:628) [?:?]
	at java.lang.Thread.run(Thread.java:829) [?:?]
Caused by: java.io.IOException: CreateProcess error=267, 
	at java.lang.ProcessImpl.create(Native Method) ~[?:?]
	at java.lang.ProcessImpl.<init>(ProcessImpl.java:492) ~[?:?]
	at java.lang.ProcessImpl.start(ProcessImpl.java:153) ~[?:?]
	at java.lang.ProcessBuilder.start(ProcessBuilder.java:1107) ~[?:?]
	... 20 more 
2025-10-03 23:48:27 [debug] : Error: 2 UNKNOWN: 
    at Object.callErrorFromStatus (C:\Xilinx\Vitis\2024.1\ide\electron-app\win64\resources\app\node_modules\@grpc\grpc-js\build\src\call.js:31:26)
    at Object.onReceiveStatus (C:\Xilinx\Vitis\2024.1\ide\electron-app\win64\resources\app\node_modules\@grpc\grpc-js\build\src\client.js:180:52)
    at Object.onReceiveStatus (C:\Xilinx\Vitis\2024.1\ide\electron-app\win64\resources\app\node_modules\@grpc\grpc-js\build\src\client-interceptors.js:336:141)
    at Object.onReceiveStatus (C:\Xilinx\Vitis\2024.1\ide\electron-app\win64\resources\app\node_modules\@grpc\grpc-js\build\src\client-interceptors.js:299:181)
    at C:\Xilinx\Vitis\2024.1\ide\electron-app\win64\resources\app\node_modules\@grpc\grpc-js\build\src\call-stream.js:160:78
    at processTicksAndRejections (node:internal/process/task_queues:78:11) 
2025-10-03 23:48:27 [debug] : Request getEmbeddedExampleTemplateTree failed with error:  {"0":""}
2025-10-03 23:48:27 [debug] : [Repository Service] Executing method:getAppRepoState from frontend. {"0":"request:","1":{"repoId":"vitis_examples","repoType":2}}
2025-10-03 23:48:27 [debug] : [Repository Service] Executing method:getAppRepoState from frontend. {"0":"request:","1":{"repoId":"vitis_libraries","repoType":1}}
2025-10-03 23:48:27 [debug] : [Repository Service] Executing method:getAppRepoState from frontend. {"0":"request:","1":{"repoId":"vitis_libraries","repoType":1}}
2025-10-03 23:48:27 [debug] : [Repository Service] Executing method:getAppRepoState from frontend. {"0":"request:","1":{"repoId":"vitis_libraries","repoType":1}}
2025-10-03 23:48:27 [debug] : [Repository Server] Executing method:getAppRepoState with connection:(object). {"0":"request:","1":{"repoId":"vitis_examples","repoType":2}}
2025-10-03 23:48:27 [debug] : [Repository Server] Executing method:getAppRepoState with connection:(object). {"0":"request:","1":{"repoId":"vitis_libraries","repoType":1}}
2025-10-03 23:48:27 [debug] : [Repository Server] Executing method:getAppRepoState with connection:(object). {"0":"request:","1":{"repoId":"vitis_libraries","repoType":1}}
2025-10-03 23:48:27 [debug] : [Repository Server] Executing method:getAppRepoState with connection:(object). {"0":"request:","1":{"repoId":"vitis_libraries","repoType":1}}
2025-10-03 23:48:27 [debug] : Event posted using notification server in backend. {"0":{"wrappers_":{},"arrayIndexOffset_":-1,"array":["f972fe65-8d38-40a1-9fc6-a6b6c8125dfd",null,53,null,null,null,null,"list-reports"],"pivot_":1.7976931348623157e+308,"convertedPrimitiveFields_":{}}}
2025-10-03 23:48:27 [debug] : [Repository Service] Executing method:getAppRepoState from frontend. {"0":"request:","1":{"repoId":"vitis_hls_examples","repoType":4}}
2025-10-03 23:48:27 [debug] : [Repository Server] Executing method:getAppRepoState with connection:(object). {"0":"request:","1":{"repoId":"vitis_hls_examples","repoType":4}}
2025-10-03 23:48:27 [debug] : Notification event posted from server - ON_START_ANALYSIS_PROGRESS. 
2025-10-03 23:48:27 [debug] : [Repository Server] Executed method:getAppRepoState. {"0":"result:","1":{"repoId":"","status":2}}
2025-10-03 23:48:27 [debug] : [Repository Server] Executed method:getAppRepoState. {"0":"result:","1":{"repoId":"","status":2}}
2025-10-03 23:48:27 [debug] : [Repository Server] Executed method:getAppRepoState. {"0":"result:","1":{"repoId":"","status":2}}
2025-10-03 23:48:27 [debug] : [Repository Server] Executed method:getAppRepoState. {"0":"result:","1":{"repoId":"","status":2}}
2025-10-03 23:48:27 [debug] : [Repository Server] Executed method:getAppRepoState. {"0":"result:","1":{"repoId":"","status":2}}
2025-10-03 23:48:27 [debug] : RIGEL SERVER 10 03, 2025 11:48:27  io.grpc.internal.SerializingExecutor run
: Exception while executing runnable io.grpc.internal.ServerImpl$JumpToApplicationThreadServerStreamListener$1HalfClosed@b87e60
java.lang.NullPointerException
	at com.xilinx.rigel.services.platform.AbstractPlatformUtils.executeCommand(AbstractPlatformUtils.java:88)
	at com.xilinx.rigel.services.platform.PlatformServiceUtils.createEmbeddedRepo(PlatformServiceUtils.java:1037)
	at com.xilinx.rigel.services.platform.PlatformServiceUtils.generateEmbeddedRepo(PlatformServiceUtils.java:1137)
	at com.xilinx.rigel.services.platform.PlatformServiceUtils.getEmbeddedRepoFile(PlatformServiceUtils.java:1057)
	at com.xilinx.rigel.services.platform.PlatformServiceUtils.getEmbeddedTemplates(PlatformServiceUtils.java:2912)
	at com.xilinx.rigel.frameworks.repo.component.EmbeddedTemplateProvider.loadBaremetalTemplates(EmbeddedTemplateProvider.java:52)
	at com.xilinx.rigel.frameworks.repo.component.EmbeddedTemplateProvider.loadEmbeddedTemplates(EmbeddedTemplateProvider.java:43)
	at com.xilinx.rigel.services.repository.RepositoryService.getEmbeddedExampleTemplateTree(RepositoryService.java:389)
	at com.xilinx.rigel.services.repository.RepositoryServiceGrpc$MethodHandlers.invoke(RepositoryServiceGrpc.java:2356)
	at io.grpc.stub.ServerCalls$UnaryServerCallHandler$UnaryServerCallListener.onHalfClose(ServerCalls.java:182)
	at io.grpc.internal.ServerCallImpl$ServerStreamListenerImpl.halfClosed(ServerCallImpl.java:331)
	at io.grpc.internal.ServerImpl$JumpToApplicationThreadServerStreamListener$1HalfClosed.runInContext(ServerImpl.java:797)
	at io.grpc.internal.ContextRunnable.run(ContextRunnable.java:37)
	at io.grpc.internal.SerializingExecutor.run(SerializingExecutor.java:123)
	at java.base/java.util.concurrent.ThreadPoolExecutor.runWorker(ThreadPoolExecutor.java:1128)
	at java.base/java.util.concurrent.ThreadPoolExecutor$Worker.run(ThreadPoolExecutor.java:628)
	at java.base/java.lang.Thread.run(Thread.java:829) 
2025-10-03 23:48:27 [debug] : Theia configuration directory file:///c:/Users/dashygo/.Xilinx/Vitis/2024.1/.vitisng' 
2025-10-03 23:48:27 [debug] : Theia configuration directory file:///c:/Users/dashygo/.Xilinx/Vitis/2024.1/.vitisng' 
2025-10-03 23:48:27 [debug] : [Application Examples Provider]   Error in fetching example templates of 5 
2025-10-03 23:48:27 [debug] : [Application Examples Provider] common calling method completed. 
2025-10-03 23:48:27 [debug] : [Application Examples Provider] refresh completed. 
2025-10-03 23:48:27 [debug] : Received event from notification service: ON_START_ANALYSIS_PROGRESS. 
2025-10-03 23:48:27 [debug] : Event posted using notification server in backend. {"0":{"wrappers_":{},"arrayIndexOffset_":-1,"array":["41315722-1409-4ace-843e-6221a0b97f89",null,54,null,null,null,null,"list-reports"],"pivot_":1.7976931348623157e+308,"convertedPrimitiveFields_":{}}}
2025-10-03 23:48:27 [debug] : [Repository Server] Executing method:getAppRepoState with connection:(object). {"0":"request:","1":{"repoId":"vitis_libraries","repoType":1}}
2025-10-03 23:48:27 [debug] : [Application Examples Provider]  Application repository status:2 for id:vitis_examples 
2025-10-03 23:48:27 [debug] : [Repository Service] Executing method:getAppRepoState from frontend. {"0":"request:","1":{"repoId":"vitis_libraries","repoType":1}}
2025-10-03 23:48:27 [debug] : [Repository Server] Executing method:getAieExampleTemplateTree with connection:(object). {"0":"request:","1":{"wrappers_":null,"arrayIndexOffset_":-1,"array":[],"pivot_":1.7976931348623157e+308,"convertedPrimitiveFields_":{}}}
2025-10-03 23:48:27 [debug] : [Application Examples Provider]  Application repository status:2 for id:vitis_libraries 
2025-10-03 23:48:27 [debug] : Notification event posted from server - ON_STOP_ANALYSIS_PROGRESS. 
2025-10-03 23:48:27 [debug] : [Application Examples Provider] installed_aie_examples:true 
2025-10-03 23:48:27 [debug] : [Application Examples Provider] vitis_libraries:false 
2025-10-03 23:48:27 [debug] : [Application Examples Provider] Repositories model update completed. 
2025-10-03 23:48:27 [debug] : [Application Examples Provider] Templates model update requested. 
2025-10-03 23:48:27 [debug] : [Repository Service] Executing method:getAieExampleTemplateTree from frontend. {"0":"request:"}
2025-10-03 23:48:27 [debug] : [Repository Server] Executing method:getAppRepoState with connection:(object). {"0":"request:","1":{"repoId":"vitis_libraries","repoType":1}}
2025-10-03 23:48:27 [debug] : [Application Examples Provider]  Application repository status:2 for id:vitis_hls_examples 
2025-10-03 23:48:27 [debug] : [Repository Service] Executing method:getAppRepoState from frontend. {"0":"request:","1":{"repoId":"vitis_libraries","repoType":1}}
2025-10-03 23:48:27 [debug] : [Repository Server] Executed method:getAppRepoState. {"0":"result:","1":{"repoId":"","status":2}}
2025-10-03 23:48:27 [debug] : [Repository Server] Executed method:getAppRepoState. {"0":"result:","1":{"repoId":"","status":2}}
2025-10-03 23:48:27 [debug] : Theia configuration directory file:///c:/Users/dashygo/.Xilinx/Vitis/2024.1/.vitisng' 
2025-10-03 23:48:27 [debug] : [Workspace Server] In 'setWorkspace' with connection:[object Object] request:{"path":""} 
